<?xml version="1.0" encoding="UTF-8"?>
<coverage generated="1629676438623" clover="3.2.0">
  <project timestamp="1629676438624" name="All files">
    <metrics statements="341" coveredstatements="227" conditionals="53" coveredconditionals="15" methods="74" coveredmethods="39" elements="468" coveredelements="281" complexity="0" loc="341" ncloc="341" packages="19" files="35" classes="35"/>
    <package name="core.infra">
      <metrics statements="2" coveredstatements="2" conditionals="0" coveredconditionals="0" methods="0" coveredmethods="0"/>
      <file name="index.ts" path="C:\Users\tiago\OneDrive\Documentos\Growdev\Stater\QUALIDADE DE SOFTWARE\projetoQualidade\src\core\infra\index.ts">
        <metrics statements="2" coveredstatements="2" conditionals="0" coveredconditionals="0" methods="0" coveredmethods="0"/>
        <line num="1" count="6" type="stmt"/>
        <line num="2" count="6" type="stmt"/>
      </file>
    </package>
    <package name="core.infra.data.connections">
      <metrics statements="19" coveredstatements="10" conditionals="10" coveredconditionals="2" methods="5" coveredmethods="2"/>
      <file name="database.ts" path="C:\Users\tiago\OneDrive\Documentos\Growdev\Stater\QUALIDADE DE SOFTWARE\projetoQualidade\src\core\infra\data\connections\database.ts">
        <metrics statements="10" coveredstatements="6" conditionals="6" coveredconditionals="2" methods="3" coveredmethods="2"/>
        <line num="1" count="6" type="stmt"/>
        <line num="3" count="6" type="stmt"/>
        <line num="7" count="0" type="cond" truecount="0" falsecount="2"/>
        <line num="8" count="0" type="stmt"/>
        <line num="11" count="0" type="stmt"/>
        <line num="15" count="4" type="cond" truecount="1" falsecount="1"/>
        <line num="16" count="4" type="stmt"/>
        <line num="21" count="2" type="cond" truecount="1" falsecount="1"/>
        <line num="22" count="0" type="stmt"/>
        <line num="25" count="2" type="stmt"/>
      </file>
      <file name="redis.ts" path="C:\Users\tiago\OneDrive\Documentos\Growdev\Stater\QUALIDADE DE SOFTWARE\projetoQualidade\src\core\infra\data\connections\redis.ts">
        <metrics statements="9" coveredstatements="4" conditionals="4" coveredconditionals="0" methods="2" coveredmethods="0"/>
        <line num="1" count="6" type="stmt"/>
        <line num="2" count="6" type="stmt"/>
        <line num="4" count="6" type="stmt"/>
        <line num="5" count="6" type="stmt"/>
        <line num="8" count="0" type="cond" truecount="0" falsecount="2"/>
        <line num="9" count="0" type="stmt"/>
        <line num="12" count="0" type="stmt"/>
        <line num="16" count="0" type="cond" truecount="0" falsecount="2"/>
        <line num="17" count="0" type="stmt"/>
      </file>
    </package>
    <package name="core.infra.data.database.entities">
      <metrics statements="25" coveredstatements="25" conditionals="0" coveredconditionals="0" methods="4" coveredmethods="4"/>
      <file name="index.ts" path="C:\Users\tiago\OneDrive\Documentos\Growdev\Stater\QUALIDADE DE SOFTWARE\projetoQualidade\src\core\infra\data\database\entities\index.ts">
        <metrics statements="2" coveredstatements="2" conditionals="0" coveredconditionals="0" methods="0" coveredmethods="0"/>
        <line num="1" count="6" type="stmt"/>
        <line num="2" count="6" type="stmt"/>
      </file>
      <file name="login.entity.ts" path="C:\Users\tiago\OneDrive\Documentos\Growdev\Stater\QUALIDADE DE SOFTWARE\projetoQualidade\src\core\infra\data\database\entities\login.entity.ts">
        <metrics statements="9" coveredstatements="9" conditionals="0" coveredconditionals="0" methods="1" coveredmethods="1"/>
        <line num="1" count="6" type="stmt"/>
        <line num="6" count="6" type="stmt"/>
        <line num="8" count="6" type="stmt"/>
        <line num="11" count="6" type="stmt"/>
        <line num="14" count="6" type="stmt"/>
        <line num="18" count="4" type="stmt"/>
        <line num="19" count="4" type="stmt"/>
        <line num="20" count="4" type="stmt"/>
        <line num="21" count="4" type="stmt"/>
      </file>
      <file name="recado.entity.ts" path="C:\Users\tiago\OneDrive\Documentos\Growdev\Stater\QUALIDADE DE SOFTWARE\projetoQualidade\src\core\infra\data\database\entities\recado.entity.ts">
        <metrics statements="14" coveredstatements="14" conditionals="0" coveredconditionals="0" methods="3" coveredmethods="3"/>
        <line num="1" count="6" type="stmt"/>
        <line num="9" count="6" type="stmt"/>
        <line num="10" count="6" type="stmt"/>
        <line num="16" count="6" type="stmt"/>
        <line num="18" count="6" type="stmt"/>
        <line num="21" count="6" type="stmt"/>
        <line num="24" count="6" type="stmt"/>
        <line num="27" count="6" type="stmt"/>
        <line num="29" count="4" type="stmt"/>
        <line num="31" count="6" type="stmt"/>
        <line num="34" count="4" type="stmt"/>
        <line num="35" count="4" type="stmt"/>
        <line num="36" count="4" type="stmt"/>
        <line num="37" count="4" type="stmt"/>
      </file>
    </package>
    <package name="core.infra.repositories">
      <metrics statements="13" coveredstatements="2" conditionals="2" coveredconditionals="0" methods="4" coveredmethods="0"/>
      <file name="cache.repository.ts" path="C:\Users\tiago\OneDrive\Documentos\Growdev\Stater\QUALIDADE DE SOFTWARE\projetoQualidade\src\core\infra\repositories\cache.repository.ts">
        <metrics statements="13" coveredstatements="2" conditionals="2" coveredconditionals="0" methods="4" coveredmethods="0"/>
        <line num="1" count="6" type="stmt"/>
        <line num="3" count="6" type="stmt"/>
        <line num="5" count="0" type="stmt"/>
        <line num="6" count="0" type="stmt"/>
        <line num="10" count="0" type="stmt"/>
        <line num="11" count="0" type="stmt"/>
        <line num="16" count="0" type="stmt"/>
        <line num="17" count="0" type="stmt"/>
        <line num="18" count="0" type="cond" truecount="0" falsecount="2"/>
        <line num="20" count="0" type="stmt"/>
        <line num="24" count="0" type="stmt"/>
        <line num="25" count="0" type="stmt"/>
        <line num="26" count="0" type="stmt"/>
      </file>
    </package>
    <package name="core.presentation">
      <metrics statements="30" coveredstatements="15" conditionals="0" coveredconditionals="0" methods="9" coveredmethods="2"/>
      <file name="app.ts" path="C:\Users\tiago\OneDrive\Documentos\Growdev\Stater\QUALIDADE DE SOFTWARE\projetoQualidade\src\core\presentation\app.ts">
        <metrics statements="23" coveredstatements="8" conditionals="0" coveredconditionals="0" methods="9" coveredmethods="2"/>
        <line num="2" count="6" type="stmt"/>
        <line num="3" count="6" type="stmt"/>
        <line num="4" count="6" type="stmt"/>
        <line num="5" count="6" type="stmt"/>
        <line num="8" count="6" type="stmt"/>
        <line num="9" count="2" type="stmt"/>
        <line num="12" count="2" type="stmt"/>
        <line num="16" count="2" type="stmt"/>
        <line num="20" count="0" type="stmt"/>
        <line num="21" count="0" type="stmt"/>
        <line num="25" count="0" type="stmt"/>
        <line num="26" count="0" type="stmt"/>
        <line num="27" count="0" type="stmt"/>
        <line num="31" count="0" type="stmt"/>
        <line num="33" count="0" type="stmt"/>
        <line num="34" count="0" type="stmt"/>
        <line num="36" count="0" type="stmt"/>
        <line num="38" count="0" type="stmt"/>
        <line num="39" count="0" type="stmt"/>
        <line num="42" count="0" type="stmt"/>
        <line num="43" count="0" type="stmt"/>
        <line num="49" count="0" type="stmt"/>
        <line num="50" count="0" type="stmt"/>
      </file>
      <file name="index.ts" path="C:\Users\tiago\OneDrive\Documentos\Growdev\Stater\QUALIDADE DE SOFTWARE\projetoQualidade\src\core\presentation\index.ts">
        <metrics statements="7" coveredstatements="7" conditionals="0" coveredconditionals="0" methods="0" coveredmethods="0"/>
        <line num="1" count="6" type="stmt"/>
        <line num="2" count="6" type="stmt"/>
        <line num="3" count="6" type="stmt"/>
        <line num="4" count="6" type="stmt"/>
        <line num="5" count="6" type="stmt"/>
        <line num="6" count="6" type="stmt"/>
        <line num="7" count="6" type="stmt"/>
      </file>
    </package>
    <package name="core.presentation.adapters">
      <metrics statements="35" coveredstatements="8" conditionals="15" coveredconditionals="0" methods="6" coveredmethods="2"/>
      <file name="express-middleware.adapter.ts" path="C:\Users\tiago\OneDrive\Documentos\Growdev\Stater\QUALIDADE DE SOFTWARE\projetoQualidade\src\core\presentation\adapters\express-middleware.adapter.ts">
        <metrics statements="8" coveredstatements="2" conditionals="2" coveredconditionals="0" methods="2" coveredmethods="1"/>
        <line num="4" count="6" type="stmt"/>
        <line num="5" count="1" type="stmt"/>
        <line num="6" count="0" type="stmt"/>
        <line num="11" count="0" type="stmt"/>
        <line num="13" count="0" type="cond" truecount="0" falsecount="2"/>
        <line num="14" count="0" type="stmt"/>
        <line num="15" count="0" type="stmt"/>
        <line num="17" count="0" type="stmt"/>
      </file>
      <file name="express-route.adapter.ts" path="C:\Users\tiago\OneDrive\Documentos\Growdev\Stater\QUALIDADE DE SOFTWARE\projetoQualidade\src\core\presentation\adapters\express-route.adapter.ts">
        <metrics statements="25" coveredstatements="4" conditionals="13" coveredconditionals="0" methods="4" coveredmethods="1"/>
        <line num="2" count="6" type="stmt"/>
        <line num="5" count="6" type="stmt"/>
        <line num="6" count="0" type="stmt"/>
        <line num="7" count="0" type="stmt"/>
        <line num="12" count="0" type="stmt"/>
        <line num="14" count="0" type="cond" truecount="0" falsecount="4"/>
        <line num="15" count="0" type="stmt"/>
        <line num="17" count="0" type="stmt"/>
        <line num="24" count="6" type="stmt"/>
        <line num="25" count="7" type="stmt"/>
        <line num="26" count="0" type="stmt"/>
        <line num="33" count="0" type="stmt"/>
        <line num="35" count="0" type="stmt"/>
        <line num="36" count="0" type="stmt"/>
        <line num="38" count="0" type="stmt"/>
        <line num="39" count="0" type="stmt"/>
        <line num="41" count="0" type="stmt"/>
        <line num="42" count="0" type="stmt"/>
        <line num="44" count="0" type="stmt"/>
        <line num="45" count="0" type="stmt"/>
        <line num="47" count="0" type="stmt"/>
        <line num="48" count="0" type="stmt"/>
        <line num="51" count="0" type="cond" truecount="0" falsecount="4"/>
        <line num="52" count="0" type="stmt"/>
        <line num="54" count="0" type="stmt"/>
      </file>
      <file name="index.ts" path="C:\Users\tiago\OneDrive\Documentos\Growdev\Stater\QUALIDADE DE SOFTWARE\projetoQualidade\src\core\presentation\adapters\index.ts">
        <metrics statements="2" coveredstatements="2" conditionals="0" coveredconditionals="0" methods="0" coveredmethods="0"/>
        <line num="1" count="6" type="stmt"/>
        <line num="2" count="6" type="stmt"/>
      </file>
    </package>
    <package name="core.presentation.contracts">
      <metrics statements="1" coveredstatements="1" conditionals="0" coveredconditionals="0" methods="0" coveredmethods="0"/>
      <file name="index.ts" path="C:\Users\tiago\OneDrive\Documentos\Growdev\Stater\QUALIDADE DE SOFTWARE\projetoQualidade\src\core\presentation\contracts\index.ts">
        <metrics statements="1" coveredstatements="1" conditionals="0" coveredconditionals="0" methods="0" coveredmethods="0"/>
        <line num="1" count="6" type="stmt"/>
      </file>
    </package>
    <package name="core.presentation.enums">
      <metrics statements="7" coveredstatements="7" conditionals="2" coveredconditionals="2" methods="1" coveredmethods="1"/>
      <file name="index.ts" path="C:\Users\tiago\OneDrive\Documentos\Growdev\Stater\QUALIDADE DE SOFTWARE\projetoQualidade\src\core\presentation\enums\index.ts">
        <metrics statements="1" coveredstatements="1" conditionals="0" coveredconditionals="0" methods="0" coveredmethods="0"/>
        <line num="1" count="6" type="stmt"/>
      </file>
      <file name="mvc.enum.ts" path="C:\Users\tiago\OneDrive\Documentos\Growdev\Stater\QUALIDADE DE SOFTWARE\projetoQualidade\src\core\presentation\enums\mvc.enum.ts">
        <metrics statements="6" coveredstatements="6" conditionals="2" coveredconditionals="2" methods="1" coveredmethods="1"/>
        <line num="1" count="6" type="cond" truecount="2" falsecount="0"/>
        <line num="2" count="6" type="stmt"/>
        <line num="3" count="6" type="stmt"/>
        <line num="4" count="6" type="stmt"/>
        <line num="5" count="6" type="stmt"/>
        <line num="6" count="6" type="stmt"/>
      </file>
    </package>
    <package name="core.presentation.errors">
      <metrics statements="16" coveredstatements="12" conditionals="0" coveredconditionals="0" methods="4" coveredmethods="2"/>
      <file name="data-not-found.error.ts" path="C:\Users\tiago\OneDrive\Documentos\Growdev\Stater\QUALIDADE DE SOFTWARE\projetoQualidade\src\core\presentation\errors\data-not-found.error.ts">
        <metrics statements="3" coveredstatements="3" conditionals="0" coveredconditionals="0" methods="1" coveredmethods="1"/>
        <line num="1" count="6" type="stmt"/>
        <line num="3" count="4" type="stmt"/>
        <line num="4" count="4" type="stmt"/>
      </file>
      <file name="index.ts" path="C:\Users\tiago\OneDrive\Documentos\Growdev\Stater\QUALIDADE DE SOFTWARE\projetoQualidade\src\core\presentation\errors\index.ts">
        <metrics statements="4" coveredstatements="4" conditionals="0" coveredconditionals="0" methods="0" coveredmethods="0"/>
        <line num="1" count="6" type="stmt"/>
        <line num="2" count="6" type="stmt"/>
        <line num="3" count="6" type="stmt"/>
        <line num="4" count="6" type="stmt"/>
      </file>
      <file name="invalid-param.error.ts" path="C:\Users\tiago\OneDrive\Documentos\Growdev\Stater\QUALIDADE DE SOFTWARE\projetoQualidade\src\core\presentation\errors\invalid-param.error.ts">
        <metrics statements="3" coveredstatements="1" conditionals="0" coveredconditionals="0" methods="1" coveredmethods="0"/>
        <line num="1" count="6" type="stmt"/>
        <line num="3" count="0" type="stmt"/>
        <line num="4" count="0" type="stmt"/>
      </file>
      <file name="missing-param.error.ts" path="C:\Users\tiago\OneDrive\Documentos\Growdev\Stater\QUALIDADE DE SOFTWARE\projetoQualidade\src\core\presentation\errors\missing-param.error.ts">
        <metrics statements="3" coveredstatements="1" conditionals="0" coveredconditionals="0" methods="1" coveredmethods="0"/>
        <line num="1" count="6" type="stmt"/>
        <line num="3" count="0" type="stmt"/>
        <line num="4" count="0" type="stmt"/>
      </file>
      <file name="server.error.ts" path="C:\Users\tiago\OneDrive\Documentos\Growdev\Stater\QUALIDADE DE SOFTWARE\projetoQualidade\src\core\presentation\errors\server.error.ts">
        <metrics statements="3" coveredstatements="3" conditionals="0" coveredconditionals="0" methods="1" coveredmethods="1"/>
        <line num="1" count="6" type="stmt"/>
        <line num="3" count="21" type="stmt"/>
        <line num="4" count="21" type="stmt"/>
      </file>
    </package>
    <package name="core.presentation.helpers">
      <metrics statements="6" coveredstatements="6" conditionals="0" coveredconditionals="0" methods="4" coveredmethods="3"/>
      <file name="http-helper.ts" path="C:\Users\tiago\OneDrive\Documentos\Growdev\Stater\QUALIDADE DE SOFTWARE\projetoQualidade\src\core\presentation\helpers\http-helper.ts">
        <metrics statements="5" coveredstatements="5" conditionals="0" coveredconditionals="0" methods="4" coveredmethods="3"/>
        <line num="1" count="6" type="stmt"/>
        <line num="4" count="6" type="stmt"/>
        <line num="9" count="6" type="stmt"/>
        <line num="14" count="23" type="stmt"/>
        <line num="19" count="21" type="stmt"/>
      </file>
      <file name="index.ts" path="C:\Users\tiago\OneDrive\Documentos\Growdev\Stater\QUALIDADE DE SOFTWARE\projetoQualidade\src\core\presentation\helpers\index.ts">
        <metrics statements="1" coveredstatements="1" conditionals="0" coveredconditionals="0" methods="0" coveredmethods="0"/>
        <line num="1" count="6" type="stmt"/>
      </file>
    </package>
    <package name="core.presentation.models">
      <metrics statements="1" coveredstatements="1" conditionals="0" coveredconditionals="0" methods="0" coveredmethods="0"/>
      <file name="index.ts" path="C:\Users\tiago\OneDrive\Documentos\Growdev\Stater\QUALIDADE DE SOFTWARE\projetoQualidade\src\core\presentation\models\index.ts">
        <metrics statements="1" coveredstatements="1" conditionals="0" coveredconditionals="0" methods="0" coveredmethods="0"/>
        <line num="1" count="6" type="stmt"/>
      </file>
    </package>
    <package name="core.presentation.validators">
      <metrics statements="24" coveredstatements="10" conditionals="6" coveredconditionals="0" methods="6" coveredmethods="0"/>
      <file name="compare-fields.validator.ts" path="C:\Users\tiago\OneDrive\Documentos\Growdev\Stater\QUALIDADE DE SOFTWARE\projetoQualidade\src\core\presentation\validators\compare-fields.validator.ts">
        <metrics statements="8" coveredstatements="2" conditionals="2" coveredconditionals="0" methods="2" coveredmethods="0"/>
        <line num="1" count="6" type="stmt"/>
        <line num="3" count="6" type="stmt"/>
        <line num="4" count="0" type="stmt"/>
        <line num="5" count="0" type="stmt"/>
        <line num="8" count="0" type="stmt"/>
        <line num="9" count="0" type="stmt"/>
        <line num="13" count="0" type="cond" truecount="0" falsecount="2"/>
        <line num="14" count="0" type="stmt"/>
      </file>
      <file name="email.validator.ts" path="C:\Users\tiago\OneDrive\Documentos\Growdev\Stater\QUALIDADE DE SOFTWARE\projetoQualidade\src\core\presentation\validators\email.validator.ts">
        <metrics statements="7" coveredstatements="3" conditionals="2" coveredconditionals="0" methods="2" coveredmethods="0"/>
        <line num="1" count="6" type="stmt"/>
        <line num="3" count="6" type="stmt"/>
        <line num="5" count="6" type="stmt"/>
        <line num="6" count="0" type="stmt"/>
        <line num="9" count="0" type="stmt"/>
        <line num="13" count="0" type="cond" truecount="0" falsecount="2"/>
        <line num="14" count="0" type="stmt"/>
      </file>
      <file name="index.ts" path="C:\Users\tiago\OneDrive\Documentos\Growdev\Stater\QUALIDADE DE SOFTWARE\projetoQualidade\src\core\presentation\validators\index.ts">
        <metrics statements="3" coveredstatements="3" conditionals="0" coveredconditionals="0" methods="0" coveredmethods="0"/>
        <line num="1" count="6" type="stmt"/>
        <line num="2" count="6" type="stmt"/>
        <line num="3" count="6" type="stmt"/>
      </file>
      <file name="require-fields.validator.ts" path="C:\Users\tiago\OneDrive\Documentos\Growdev\Stater\QUALIDADE DE SOFTWARE\projetoQualidade\src\core\presentation\validators\require-fields.validator.ts">
        <metrics statements="6" coveredstatements="2" conditionals="2" coveredconditionals="0" methods="2" coveredmethods="0"/>
        <line num="1" count="6" type="stmt"/>
        <line num="3" count="6" type="stmt"/>
        <line num="4" count="0" type="stmt"/>
        <line num="7" count="0" type="stmt"/>
        <line num="11" count="0" type="cond" truecount="0" falsecount="2"/>
        <line num="12" count="0" type="stmt"/>
      </file>
    </package>
    <package name="features.login.infra.repositories">
      <metrics statements="15" coveredstatements="5" conditionals="2" coveredconditionals="0" methods="6" coveredmethods="2"/>
      <file name="login.repository.ts" path="C:\Users\tiago\OneDrive\Documentos\Growdev\Stater\QUALIDADE DE SOFTWARE\projetoQualidade\src\features\login\infra\repositories\login.repository.ts">
        <metrics statements="15" coveredstatements="5" conditionals="2" coveredconditionals="0" methods="6" coveredmethods="2"/>
        <line num="3" count="6" type="stmt"/>
        <line num="7" count="6" type="stmt"/>
        <line num="9" count="0" type="stmt"/>
        <line num="11" count="0" type="stmt"/>
        <line num="12" count="0" type="stmt"/>
        <line num="21" count="0" type="stmt"/>
        <line num="25" count="0" type="cond" truecount="0" falsecount="2"/>
        <line num="27" count="0" type="stmt"/>
        <line num="33" count="0" type="stmt"/>
        <line num="35" count="0" type="stmt"/>
        <line num="39" count="0" type="stmt"/>
        <line num="43" count="1" type="stmt"/>
        <line num="45" count="1" type="stmt"/>
        <line num="49" count="0" type="stmt"/>
        <line num="53" count="1" type="stmt"/>
      </file>
    </package>
    <package name="features.login.presentation.controllers">
      <metrics statements="45" coveredstatements="39" conditionals="6" coveredconditionals="5" methods="7" coveredmethods="7"/>
      <file name="login.controller.ts" path="C:\Users\tiago\OneDrive\Documentos\Growdev\Stater\QUALIDADE DE SOFTWARE\projetoQualidade\src\features\login\presentation\controllers\login.controller.ts">
        <metrics statements="45" coveredstatements="39" conditionals="6" coveredconditionals="5" methods="7" coveredmethods="7"/>
        <line num="3" count="6" type="stmt"/>
        <line num="14" count="6" type="stmt"/>
        <line num="15" count="14" type="stmt"/>
        <line num="16" count="14" type="stmt"/>
        <line num="19" count="14" type="stmt"/>
        <line num="20" count="14" type="stmt"/>
        <line num="24" count="2" type="stmt"/>
        <line num="26" count="2" type="stmt"/>
        <line num="28" count="1" type="cond" truecount="1" falsecount="1"/>
        <line num="29" count="1" type="stmt"/>
        <line num="32" count="0" type="stmt"/>
        <line num="34" count="0" type="stmt"/>
        <line num="36" count="0" type="stmt"/>
        <line num="38" count="1" type="stmt"/>
        <line num="43" count="2" type="stmt"/>
        <line num="45" count="2" type="stmt"/>
        <line num="46" count="2" type="stmt"/>
        <line num="48" count="1" type="stmt"/>
        <line num="49" count="1" type="stmt"/>
        <line num="51" count="1" type="stmt"/>
        <line num="53" count="1" type="stmt"/>
        <line num="58" count="1" type="stmt"/>
        <line num="60" count="1" type="stmt"/>
        <line num="61" count="1" type="stmt"/>
        <line num="63" count="0" type="stmt"/>
        <line num="64" count="0" type="stmt"/>
        <line num="65" count="0" type="stmt"/>
        <line num="68" count="1" type="stmt"/>
        <line num="73" count="3" type="stmt"/>
        <line num="74" count="3" type="stmt"/>
        <line num="76" count="2" type="stmt"/>
        <line num="77" count="2" type="stmt"/>
        <line num="80" count="1" type="stmt"/>
        <line num="81" count="1" type="stmt"/>
        <line num="86" count="4" type="stmt"/>
        <line num="88" count="4" type="stmt"/>
        <line num="90" count="4" type="stmt"/>
        <line num="91" count="3" type="cond" truecount="2" falsecount="0"/>
        <line num="92" count="1" type="stmt"/>
        <line num="95" count="2" type="stmt"/>
        <line num="96" count="2" type="cond" truecount="2" falsecount="0"/>
        <line num="97" count="1" type="stmt"/>
        <line num="100" count="1" type="stmt"/>
        <line num="102" count="1" type="stmt"/>
        <line num="104" count="1" type="stmt"/>
      </file>
    </package>
    <package name="features.login.presentation.middlewares">
      <metrics statements="10" coveredstatements="4" conditionals="2" coveredconditionals="0" methods="1" coveredmethods="0"/>
      <file name="index.ts" path="C:\Users\tiago\OneDrive\Documentos\Growdev\Stater\QUALIDADE DE SOFTWARE\projetoQualidade\src\features\login\presentation\middlewares\index.ts">
        <metrics statements="1" coveredstatements="1" conditionals="0" coveredconditionals="0" methods="0" coveredmethods="0"/>
        <line num="1" count="6" type="stmt"/>
      </file>
      <file name="login.middlewares.ts" path="C:\Users\tiago\OneDrive\Documentos\Growdev\Stater\QUALIDADE DE SOFTWARE\projetoQualidade\src\features\login\presentation\middlewares\login.middlewares.ts">
        <metrics statements="9" coveredstatements="3" conditionals="2" coveredconditionals="0" methods="1" coveredmethods="0"/>
        <line num="1" count="6" type="stmt"/>
        <line num="7" count="6" type="stmt"/>
        <line num="9" count="6" type="stmt"/>
        <line num="11" count="0" type="stmt"/>
        <line num="13" count="0" type="stmt"/>
        <line num="14" count="0" type="stmt"/>
        <line num="15" count="0" type="cond" truecount="0" falsecount="2"/>
        <line num="16" count="0" type="stmt"/>
        <line num="20" count="0" type="stmt"/>
      </file>
    </package>
    <package name="features.login.presentation.routes">
      <metrics statements="15" coveredstatements="15" conditionals="0" coveredconditionals="0" methods="2" coveredmethods="2"/>
      <file name="index.ts" path="C:\Users\tiago\OneDrive\Documentos\Growdev\Stater\QUALIDADE DE SOFTWARE\projetoQualidade\src\features\login\presentation\routes\index.ts">
        <metrics statements="15" coveredstatements="15" conditionals="0" coveredconditionals="0" methods="2" coveredmethods="2"/>
        <line num="2" count="6" type="stmt"/>
        <line num="3" count="6" type="stmt"/>
        <line num="4" count="6" type="stmt"/>
        <line num="5" count="6" type="stmt"/>
        <line num="6" count="6" type="stmt"/>
        <line num="7" count="6" type="stmt"/>
        <line num="11" count="6" type="stmt"/>
        <line num="12" count="2" type="stmt"/>
        <line num="13" count="2" type="stmt"/>
        <line num="14" count="2" type="stmt"/>
        <line num="17" count="6" type="stmt"/>
        <line num="19" count="1" type="stmt"/>
        <line num="22" count="1" type="stmt"/>
        <line num="27" count="1" type="stmt"/>
        <line num="32" count="1" type="stmt"/>
      </file>
    </package>
    <package name="features.recado.infra.repositories">
      <metrics statements="16" coveredstatements="6" conditionals="2" coveredconditionals="0" methods="6" coveredmethods="3"/>
      <file name="recado.repository.ts" path="C:\Users\tiago\OneDrive\Documentos\Growdev\Stater\QUALIDADE DE SOFTWARE\projetoQualidade\src\features\recado\infra\repositories\recado.repository.ts">
        <metrics statements="16" coveredstatements="6" conditionals="2" coveredconditionals="0" methods="6" coveredmethods="3"/>
        <line num="1" count="6" type="stmt"/>
        <line num="6" count="6" type="stmt"/>
        <line num="8" count="1" type="stmt"/>
        <line num="10" count="0" type="stmt"/>
        <line num="11" count="0" type="stmt"/>
        <line num="21" count="0" type="stmt"/>
        <line num="25" count="0" type="cond" truecount="0" falsecount="2"/>
        <line num="26" count="0" type="stmt"/>
        <line num="29" count="0" type="stmt"/>
        <line num="38" count="0" type="stmt"/>
        <line num="40" count="0" type="stmt"/>
        <line num="46" count="0" type="stmt"/>
        <line num="50" count="1" type="stmt"/>
        <line num="52" count="1" type="stmt"/>
        <line num="56" count="0" type="stmt"/>
        <line num="60" count="1" type="stmt"/>
      </file>
    </package>
    <package name="features.recado.presentation.controllers">
      <metrics statements="44" coveredstatements="42" conditionals="6" coveredconditionals="6" methods="7" coveredmethods="7"/>
      <file name="recado.controller.ts" path="C:\Users\tiago\OneDrive\Documentos\Growdev\Stater\QUALIDADE DE SOFTWARE\projetoQualidade\src\features\recado\presentation\controllers\recado.controller.ts">
        <metrics statements="44" coveredstatements="42" conditionals="6" coveredconditionals="6" methods="7" coveredmethods="7"/>
        <line num="3" count="6" type="stmt"/>
        <line num="15" count="6" type="stmt"/>
        <line num="16" count="19" type="stmt"/>
        <line num="17" count="19" type="stmt"/>
        <line num="20" count="19" type="stmt"/>
        <line num="21" count="19" type="stmt"/>
        <line num="25" count="3" type="stmt"/>
        <line num="27" count="3" type="stmt"/>
        <line num="30" count="2" type="cond" truecount="2" falsecount="0"/>
        <line num="31" count="1" type="stmt"/>
        <line num="34" count="1" type="stmt"/>
        <line num="36" count="0" type="stmt"/>
        <line num="38" count="0" type="stmt"/>
        <line num="40" count="2" type="stmt"/>
        <line num="45" count="2" type="stmt"/>
        <line num="47" count="2" type="stmt"/>
        <line num="48" count="2" type="stmt"/>
        <line num="49" count="1" type="stmt"/>
        <line num="50" count="1" type="stmt"/>
        <line num="52" count="1" type="stmt"/>
        <line num="54" count="1" type="stmt"/>
        <line num="59" count="2" type="stmt"/>
        <line num="61" count="2" type="stmt"/>
        <line num="62" count="2" type="stmt"/>
        <line num="63" count="1" type="stmt"/>
        <line num="64" count="1" type="stmt"/>
        <line num="67" count="1" type="stmt"/>
        <line num="70" count="1" type="stmt"/>
        <line num="75" count="3" type="stmt"/>
        <line num="76" count="3" type="stmt"/>
        <line num="78" count="2" type="stmt"/>
        <line num="80" count="2" type="stmt"/>
        <line num="82" count="1" type="stmt"/>
        <line num="87" count="4" type="stmt"/>
        <line num="89" count="4" type="stmt"/>
        <line num="91" count="4" type="stmt"/>
        <line num="92" count="3" type="cond" truecount="2" falsecount="0"/>
        <line num="93" count="1" type="stmt"/>
        <line num="96" count="2" type="stmt"/>
        <line num="97" count="2" type="cond" truecount="2" falsecount="0"/>
        <line num="98" count="1" type="stmt"/>
        <line num="101" count="1" type="stmt"/>
        <line num="103" count="1" type="stmt"/>
        <line num="105" count="1" type="stmt"/>
      </file>
    </package>
    <package name="features.recado.presentation.routes">
      <metrics statements="17" coveredstatements="17" conditionals="0" coveredconditionals="0" methods="2" coveredmethods="2"/>
      <file name="routes.ts" path="C:\Users\tiago\OneDrive\Documentos\Growdev\Stater\QUALIDADE DE SOFTWARE\projetoQualidade\src\features\recado\presentation\routes\routes.ts">
        <metrics statements="17" coveredstatements="17" conditionals="0" coveredconditionals="0" methods="2" coveredmethods="2"/>
        <line num="1" count="6" type="stmt"/>
        <line num="2" count="6" type="stmt"/>
        <line num="3" count="6" type="stmt"/>
        <line num="4" count="6" type="stmt"/>
        <line num="5" count="6" type="stmt"/>
        <line num="7" count="6" type="stmt"/>
        <line num="8" count="5" type="stmt"/>
        <line num="9" count="5" type="stmt"/>
        <line num="10" count="5" type="stmt"/>
        <line num="13" count="6" type="stmt"/>
        <line num="15" count="1" type="stmt"/>
        <line num="18" count="1" type="stmt"/>
        <line num="19" count="1" type="stmt"/>
        <line num="21" count="1" type="stmt"/>
        <line num="25" count="1" type="stmt"/>
        <line num="29" count="1" type="stmt"/>
        <line num="33" count="1" type="stmt"/>
      </file>
    </package>
  </project>
</coverage>
