{"C:\\Users\\tiago\\OneDrive\\Documentos\\Growdev\\Stater\\QUALIDADE DE SOFTWARE\\projetoQualidade\\src\\core\\infra\\index.ts": {"path":"C:\\Users\\tiago\\OneDrive\\Documentos\\Growdev\\Stater\\QUALIDADE DE SOFTWARE\\projetoQualidade\\src\\core\\infra\\index.ts","statementMap":{"0":{"start":{"line":1,"column":0},"end":{"line":1,"column":44}},"1":{"start":{"line":2,"column":0},"end":{"line":2,"column":41}}},"fnMap":{},"branchMap":{},"s":{"0":6,"1":6},"f":{},"b":{}}
,"C:\\Users\\tiago\\OneDrive\\Documentos\\Growdev\\Stater\\QUALIDADE DE SOFTWARE\\projetoQualidade\\src\\core\\infra\\data\\connections\\database.ts": {"path":"C:\\Users\\tiago\\OneDrive\\Documentos\\Growdev\\Stater\\QUALIDADE DE SOFTWARE\\projetoQualidade\\src\\core\\infra\\data\\connections\\database.ts","statementMap":{"0":{"start":{"line":1,"column":0},"end":{"line":1,"column":55}},"1":{"start":{"line":7,"column":4},"end":{"line":9,"column":null}},"2":{"start":{"line":8,"column":6},"end":{"line":8,"column":53}},"3":{"start":{"line":11,"column":4},"end":{"line":11,"column":31}},"4":{"start":{"line":15,"column":4},"end":{"line":17,"column":null}},"5":{"start":{"line":16,"column":6},"end":{"line":16,"column":53}},"6":{"start":{"line":21,"column":4},"end":{"line":23,"column":null}},"7":{"start":{"line":22,"column":6},"end":{"line":22,"column":53}},"8":{"start":{"line":25,"column":4},"end":{"line":25,"column":38}},"9":{"start":{"line":3,"column":0},"end":{"line":3,"column":21}}},"fnMap":{"0":{"name":"(anonymous_0)","decl":{"start":{"line":6,"column":9},"end":{"line":6,"column":15}},"loc":{"start":{"line":6,"column":29},"end":{"line":12,"column":3}}},"1":{"name":"(anonymous_1)","decl":{"start":{"line":14,"column":9},"end":{"line":14,"column":14}},"loc":{"start":{"line":14,"column":29},"end":{"line":18,"column":3}}},"2":{"name":"(anonymous_2)","decl":{"start":{"line":20,"column":9},"end":{"line":20,"column":14}},"loc":{"start":{"line":20,"column":33},"end":{"line":26,"column":3}}}},"branchMap":{"0":{"loc":{"start":{"line":7,"column":4},"end":{"line":9,"column":null}},"type":"if","locations":[{"start":{"line":7,"column":4},"end":{"line":9,"column":null}},{"start":{"line":7,"column":4},"end":{"line":9,"column":null}}]},"1":{"loc":{"start":{"line":15,"column":4},"end":{"line":17,"column":null}},"type":"if","locations":[{"start":{"line":15,"column":4},"end":{"line":17,"column":null}},{"start":{"line":15,"column":4},"end":{"line":17,"column":null}}]},"2":{"loc":{"start":{"line":21,"column":4},"end":{"line":23,"column":null}},"type":"if","locations":[{"start":{"line":21,"column":4},"end":{"line":23,"column":null}},{"start":{"line":21,"column":4},"end":{"line":23,"column":null}}]}},"s":{"0":6,"1":0,"2":0,"3":0,"4":4,"5":4,"6":2,"7":0,"8":2,"9":6},"f":{"0":0,"1":4,"2":2},"b":{"0":[0,0],"1":[4,0],"2":[0,2]}}
,"C:\\Users\\tiago\\OneDrive\\Documentos\\Growdev\\Stater\\QUALIDADE DE SOFTWARE\\projetoQualidade\\src\\core\\infra\\data\\connections\\redis.ts": {"path":"C:\\Users\\tiago\\OneDrive\\Documentos\\Growdev\\Stater\\QUALIDADE DE SOFTWARE\\projetoQualidade\\src\\core\\infra\\data\\connections\\redis.ts","statementMap":{"0":{"start":{"line":1,"column":0},"end":{"line":1,"column":30}},"1":{"start":{"line":2,"column":0},"end":{"line":2,"column":23}},"2":{"start":{"line":8,"column":8},"end":{"line":10,"column":null}},"3":{"start":{"line":9,"column":12},"end":{"line":9,"column":51}},"4":{"start":{"line":12,"column":8},"end":{"line":12,"column":32}},"5":{"start":{"line":16,"column":8},"end":{"line":18,"column":null}},"6":{"start":{"line":17,"column":12},"end":{"line":17,"column":67}},"7":{"start":{"line":4,"column":0},"end":{"line":4,"column":13}},"8":{"start":{"line":5,"column":4},"end":{"line":5,"column":38}}},"fnMap":{"0":{"name":"(anonymous_3)","decl":{"start":{"line":7,"column":11},"end":{"line":7,"column":17}},"loc":{"start":{"line":7,"column":37},"end":{"line":13,"column":5}}},"1":{"name":"(anonymous_4)","decl":{"start":{"line":15,"column":11},"end":{"line":15,"column":16}},"loc":{"start":{"line":15,"column":31},"end":{"line":19,"column":5}}}},"branchMap":{"0":{"loc":{"start":{"line":8,"column":8},"end":{"line":10,"column":null}},"type":"if","locations":[{"start":{"line":8,"column":8},"end":{"line":10,"column":null}},{"start":{"line":8,"column":8},"end":{"line":10,"column":null}}]},"1":{"loc":{"start":{"line":16,"column":8},"end":{"line":18,"column":null}},"type":"if","locations":[{"start":{"line":16,"column":8},"end":{"line":18,"column":null}},{"start":{"line":16,"column":8},"end":{"line":18,"column":null}}]}},"s":{"0":6,"1":6,"2":0,"3":0,"4":0,"5":0,"6":0,"7":6,"8":6},"f":{"0":0,"1":0},"b":{"0":[0,0],"1":[0,0]}}
,"C:\\Users\\tiago\\OneDrive\\Documentos\\Growdev\\Stater\\QUALIDADE DE SOFTWARE\\projetoQualidade\\src\\core\\infra\\data\\database\\entities\\index.ts": {"path":"C:\\Users\\tiago\\OneDrive\\Documentos\\Growdev\\Stater\\QUALIDADE DE SOFTWARE\\projetoQualidade\\src\\core\\infra\\data\\database\\entities\\index.ts","statementMap":{"0":{"start":{"line":1,"column":0},"end":{"line":1,"column":31}},"1":{"start":{"line":2,"column":0},"end":{"line":2,"column":32}}},"fnMap":{},"branchMap":{},"s":{"0":6,"1":6},"f":{},"b":{}}
,"C:\\Users\\tiago\\OneDrive\\Documentos\\Growdev\\Stater\\QUALIDADE DE SOFTWARE\\projetoQualidade\\src\\core\\infra\\data\\database\\entities\\login.entity.ts": {"path":"C:\\Users\\tiago\\OneDrive\\Documentos\\Growdev\\Stater\\QUALIDADE DE SOFTWARE\\projetoQualidade\\src\\core\\infra\\data\\database\\entities\\login.entity.ts","statementMap":{"0":{"start":{"line":1,"column":0},"end":{"line":1,"column":75}},"1":{"start":{"line":6,"column":0},"end":{"line":23,"column":null}},"2":{"start":{"line":18,"column":8},"end":{"line":18,"column":16}},"3":{"start":{"line":19,"column":8},"end":{"line":19,"column":27}},"4":{"start":{"line":20,"column":8},"end":{"line":20,"column":33}},"5":{"start":{"line":21,"column":8},"end":{"line":21,"column":21}},"6":{"start":{"line":8,"column":4},"end":{"line":8,"column":null}},"7":{"start":{"line":11,"column":4},"end":{"line":11,"column":null}},"8":{"start":{"line":14,"column":4},"end":{"line":14,"column":null}},"9":{"start":{"line":6,"column":13},"end":{"line":23,"column":null}},"10":{"start":{"line":6,"column":13},"end":{"line":6,"column":24}}},"fnMap":{"0":{"name":"(anonymous_2)","decl":{"start":{"line":17,"column":4},"end":{"line":17,"column":16}},"loc":{"start":{"line":17,"column":58},"end":{"line":22,"column":5}}}},"branchMap":{},"s":{"0":6,"1":6,"2":4,"3":4,"4":4,"5":4,"6":6,"7":6,"8":6,"9":6,"10":6},"f":{"0":4},"b":{}}
,"C:\\Users\\tiago\\OneDrive\\Documentos\\Growdev\\Stater\\QUALIDADE DE SOFTWARE\\projetoQualidade\\src\\core\\infra\\data\\database\\entities\\recado.entity.ts": {"path":"C:\\Users\\tiago\\OneDrive\\Documentos\\Growdev\\Stater\\QUALIDADE DE SOFTWARE\\projetoQualidade\\src\\core\\infra\\data\\database\\entities\\recado.entity.ts","statementMap":{"0":{"start":{"line":1,"column":0},"end":{"line":1,"column":null}},"1":{"start":{"line":9,"column":0},"end":{"line":9,"column":76}},"2":{"start":{"line":10,"column":0},"end":{"line":10,"column":38}},"3":{"start":{"line":16,"column":2},"end":{"line":40,"column":null}},"4":{"start":{"line":34,"column":6},"end":{"line":34,"column":14}},"5":{"start":{"line":35,"column":6},"end":{"line":35,"column":27}},"6":{"start":{"line":36,"column":6},"end":{"line":36,"column":33}},"7":{"start":{"line":37,"column":6},"end":{"line":37,"column":29}},"8":{"start":{"line":18,"column":4},"end":{"line":18,"column":null}},"9":{"start":{"line":21,"column":4},"end":{"line":21,"column":null}},"10":{"start":{"line":24,"column":4},"end":{"line":24,"column":null}},"11":{"start":{"line":27,"column":4},"end":{"line":27,"column":null}},"12":{"start":{"line":31,"column":4},"end":{"line":31,"column":null}},"13":{"start":{"line":29,"column":21},"end":{"line":29,"column":32}},"14":{"start":{"line":29,"column":45},"end":{"line":29,"column":53}},"15":{"start":{"line":16,"column":15},"end":{"line":40,"column":null}},"16":{"start":{"line":16,"column":15},"end":{"line":16,"column":27}}},"fnMap":{"0":{"name":"(anonymous_3)","decl":{"start":{"line":33,"column":4},"end":{"line":33,"column":16}},"loc":{"start":{"line":33,"column":66},"end":{"line":38,"column":5}}},"1":{"name":"(anonymous_4)","decl":{"start":{"line":29,"column":15},"end":{"line":29,"column":18}},"loc":{"start":{"line":29,"column":21},"end":{"line":29,"column":32}}},"2":{"name":"(anonymous_5)","decl":{"start":{"line":29,"column":34},"end":{"line":29,"column":35}},"loc":{"start":{"line":29,"column":45},"end":{"line":29,"column":53}}}},"branchMap":{},"s":{"0":6,"1":6,"2":6,"3":6,"4":4,"5":4,"6":4,"7":4,"8":6,"9":6,"10":6,"11":6,"12":6,"13":4,"14":4,"15":6,"16":6},"f":{"0":4,"1":4,"2":4},"b":{}}
,"C:\\Users\\tiago\\OneDrive\\Documentos\\Growdev\\Stater\\QUALIDADE DE SOFTWARE\\projetoQualidade\\src\\core\\infra\\repositories\\cache.repository.ts": {"path":"C:\\Users\\tiago\\OneDrive\\Documentos\\Growdev\\Stater\\QUALIDADE DE SOFTWARE\\projetoQualidade\\src\\core\\infra\\repositories\\cache.repository.ts","statementMap":{"0":{"start":{"line":1,"column":0},"end":{"line":1,"column":48}},"1":{"start":{"line":5,"column":22},"end":{"line":5,"column":49}},"2":{"start":{"line":6,"column":8},"end":{"line":6,"column":59}},"3":{"start":{"line":10,"column":22},"end":{"line":10,"column":49}},"4":{"start":{"line":11,"column":8},"end":{"line":11,"column":70}},"5":{"start":{"line":16,"column":22},"end":{"line":16,"column":49}},"6":{"start":{"line":17,"column":22},"end":{"line":17,"column":42}},"7":{"start":{"line":18,"column":8},"end":{"line":18,"column":31}},"8":{"start":{"line":18,"column":19},"end":{"line":18,"column":31}},"9":{"start":{"line":20,"column":8},"end":{"line":20,"column":33}},"10":{"start":{"line":24,"column":22},"end":{"line":24,"column":49}},"11":{"start":{"line":25,"column":23},"end":{"line":25,"column":43}},"12":{"start":{"line":26,"column":8},"end":{"line":26,"column":28}},"13":{"start":{"line":3,"column":0},"end":{"line":3,"column":13}}},"fnMap":{"0":{"name":"(anonymous_0)","decl":{"start":{"line":4,"column":11},"end":{"line":4,"column":16}},"loc":{"start":{"line":4,"column":44},"end":{"line":7,"column":5}}},"1":{"name":"(anonymous_1)","decl":{"start":{"line":9,"column":11},"end":{"line":9,"column":16}},"loc":{"start":{"line":9,"column":59},"end":{"line":12,"column":5}}},"2":{"name":"(anonymous_2)","decl":{"start":{"line":15,"column":11},"end":{"line":15,"column":16}},"loc":{"start":{"line":15,"column":32},"end":{"line":21,"column":5}}},"3":{"name":"(anonymous_3)","decl":{"start":{"line":23,"column":11},"end":{"line":23,"column":16}},"loc":{"start":{"line":23,"column":32},"end":{"line":27,"column":7}}}},"branchMap":{"0":{"loc":{"start":{"line":18,"column":8},"end":{"line":18,"column":31}},"type":"if","locations":[{"start":{"line":18,"column":8},"end":{"line":18,"column":31}},{"start":{"line":18,"column":8},"end":{"line":18,"column":31}}]}},"s":{"0":6,"1":0,"2":0,"3":0,"4":0,"5":0,"6":0,"7":0,"8":0,"9":0,"10":0,"11":0,"12":0,"13":6},"f":{"0":0,"1":0,"2":0,"3":0},"b":{"0":[0,0]}}
,"C:\\Users\\tiago\\OneDrive\\Documentos\\Growdev\\Stater\\QUALIDADE DE SOFTWARE\\projetoQualidade\\src\\core\\presentation\\app.ts": {"path":"C:\\Users\\tiago\\OneDrive\\Documentos\\Growdev\\Stater\\QUALIDADE DE SOFTWARE\\projetoQualidade\\src\\core\\presentation\\app.ts","statementMap":{"0":{"start":{"line":2,"column":0},"end":{"line":2,"column":61}},"1":{"start":{"line":3,"column":0},"end":{"line":3,"column":24}},"2":{"start":{"line":4,"column":0},"end":{"line":4,"column":67}},"3":{"start":{"line":5,"column":0},"end":{"line":5,"column":76}},"4":{"start":{"line":9,"column":2},"end":{"line":9,"column":41}},"5":{"start":{"line":12,"column":4},"end":{"line":12,"column":30}},"6":{"start":{"line":16,"column":4},"end":{"line":16,"column":25}},"7":{"start":{"line":20,"column":4},"end":{"line":20,"column":23}},"8":{"start":{"line":21,"column":4},"end":{"line":21,"column":18}},"9":{"start":{"line":25,"column":4},"end":{"line":25,"column":38}},"10":{"start":{"line":26,"column":4},"end":{"line":26,"column":63}},"11":{"start":{"line":27,"column":4},"end":{"line":27,"column":30}},"12":{"start":{"line":31,"column":19},"end":{"line":31,"column":27}},"13":{"start":{"line":33,"column":4},"end":{"line":33,"column":80}},"14":{"start":{"line":33,"column":58},"end":{"line":33,"column":78}},"15":{"start":{"line":34,"column":4},"end":{"line":34,"column":38}},"16":{"start":{"line":36,"column":4},"end":{"line":36,"column":79}},"17":{"start":{"line":36,"column":51},"end":{"line":36,"column":77}},"18":{"start":{"line":38,"column":24},"end":{"line":38,"column":48}},"19":{"start":{"line":39,"column":4},"end":{"line":39,"column":35}},"20":{"start":{"line":42,"column":25},"end":{"line":42,"column":50}},"21":{"start":{"line":43,"column":4},"end":{"line":43,"column":36}},"22":{"start":{"line":49,"column":4},"end":{"line":51,"column":6}},"23":{"start":{"line":50,"column":6},"end":{"line":50,"column":49}},"24":{"start":{"line":8,"column":0},"end":{"line":8,"column":21}}},"fnMap":{"0":{"name":"(anonymous_9)","decl":{"start":{"line":11,"column":2},"end":{"line":11,"column":null}},"loc":{"start":{"line":11,"column":2},"end":{"line":13,"column":3}}},"1":{"name":"(anonymous_10)","decl":{"start":{"line":15,"column":2},"end":{"line":15,"column":13}},"loc":{"start":{"line":15,"column":19},"end":{"line":17,"column":3}}},"2":{"name":"(anonymous_11)","decl":{"start":{"line":19,"column":9},"end":{"line":19,"column":13}},"loc":{"start":{"line":19,"column":13},"end":{"line":22,"column":3}}},"3":{"name":"(anonymous_12)","decl":{"start":{"line":24,"column":10},"end":{"line":24,"column":21}},"loc":{"start":{"line":24,"column":21},"end":{"line":28,"column":3}}},"4":{"name":"(anonymous_13)","decl":{"start":{"line":30,"column":10},"end":{"line":30,"column":16}},"loc":{"start":{"line":30,"column":16},"end":{"line":46,"column":3}}},"5":{"name":"(anonymous_14)","decl":{"start":{"line":33,"column":27},"end":{"line":33,"column":28}},"loc":{"start":{"line":33,"column":58},"end":{"line":33,"column":78}}},"6":{"name":"(anonymous_15)","decl":{"start":{"line":36,"column":20},"end":{"line":36,"column":21}},"loc":{"start":{"line":36,"column":51},"end":{"line":36,"column":77}}},"7":{"name":"(anonymous_16)","decl":{"start":{"line":48,"column":9},"end":{"line":48,"column":14}},"loc":{"start":{"line":48,"column":27},"end":{"line":52,"column":3}}},"8":{"name":"(anonymous_17)","decl":{"start":{"line":49,"column":31},"end":{"line":49,"column":34}},"loc":{"start":{"line":50,"column":6},"end":{"line":50,"column":49}}}},"branchMap":{},"s":{"0":6,"1":6,"2":6,"3":6,"4":2,"5":2,"6":2,"7":0,"8":0,"9":0,"10":0,"11":0,"12":0,"13":0,"14":0,"15":0,"16":0,"17":0,"18":0,"19":0,"20":0,"21":0,"22":0,"23":0,"24":6},"f":{"0":2,"1":2,"2":0,"3":0,"4":0,"5":0,"6":0,"7":0,"8":0},"b":{}}
,"C:\\Users\\tiago\\OneDrive\\Documentos\\Growdev\\Stater\\QUALIDADE DE SOFTWARE\\projetoQualidade\\src\\core\\presentation\\index.ts": {"path":"C:\\Users\\tiago\\OneDrive\\Documentos\\Growdev\\Stater\\QUALIDADE DE SOFTWARE\\projetoQualidade\\src\\core\\presentation\\index.ts","statementMap":{"0":{"start":{"line":1,"column":0},"end":{"line":1,"column":25}},"1":{"start":{"line":2,"column":0},"end":{"line":2,"column":26}},"2":{"start":{"line":3,"column":0},"end":{"line":3,"column":25}},"3":{"start":{"line":4,"column":0},"end":{"line":4,"column":24}},"4":{"start":{"line":5,"column":0},"end":{"line":5,"column":27}},"5":{"start":{"line":6,"column":0},"end":{"line":6,"column":22}},"6":{"start":{"line":7,"column":0},"end":{"line":7,"column":28}}},"fnMap":{},"branchMap":{},"s":{"0":6,"1":6,"2":6,"3":6,"4":6,"5":6,"6":6},"f":{},"b":{}}
,"C:\\Users\\tiago\\OneDrive\\Documentos\\Growdev\\Stater\\QUALIDADE DE SOFTWARE\\projetoQualidade\\src\\core\\presentation\\adapters\\express-middleware.adapter.ts": {"path":"C:\\Users\\tiago\\OneDrive\\Documentos\\Growdev\\Stater\\QUALIDADE DE SOFTWARE\\projetoQualidade\\src\\core\\presentation\\adapters\\express-middleware.adapter.ts","statementMap":{"0":{"start":{"line":4,"column":33},"end":{"line":22,"column":1}},"1":{"start":{"line":5,"column":2},"end":{"line":21,"column":4}},"2":{"start":{"line":6,"column":36},"end":{"line":9,"column":6}},"3":{"start":{"line":11,"column":39},"end":{"line":11,"column":71}},"4":{"start":{"line":13,"column":4},"end":{"line":20,"column":null}},"5":{"start":{"line":14,"column":6},"end":{"line":14,"column":44}},"6":{"start":{"line":15,"column":6},"end":{"line":15,"column":13}},"7":{"start":{"line":17,"column":6},"end":{"line":19,"column":9}},"8":{"start":{"line":4,"column":13},"end":{"line":4,"column":33}}},"fnMap":{"0":{"name":"(anonymous_0)","decl":{"start":{"line":4,"column":33},"end":{"line":4,"column":34}},"loc":{"start":{"line":4,"column":53},"end":{"line":22,"column":1}}},"1":{"name":"(anonymous_1)","decl":{"start":{"line":5,"column":9},"end":{"line":5,"column":14}},"loc":{"start":{"line":5,"column":67},"end":{"line":21,"column":3}}}},"branchMap":{"0":{"loc":{"start":{"line":13,"column":4},"end":{"line":20,"column":null}},"type":"if","locations":[{"start":{"line":13,"column":4},"end":{"line":20,"column":null}},{"start":{"line":13,"column":4},"end":{"line":20,"column":null}}]}},"s":{"0":6,"1":1,"2":0,"3":0,"4":0,"5":0,"6":0,"7":0,"8":6},"f":{"0":1,"1":0},"b":{"0":[0,0]}}
,"C:\\Users\\tiago\\OneDrive\\Documentos\\Growdev\\Stater\\QUALIDADE DE SOFTWARE\\projetoQualidade\\src\\core\\presentation\\adapters\\express-route.adapter.ts": {"path":"C:\\Users\\tiago\\OneDrive\\Documentos\\Growdev\\Stater\\QUALIDADE DE SOFTWARE\\projetoQualidade\\src\\core\\presentation\\adapters\\express-route.adapter.ts","statementMap":{"0":{"start":{"line":2,"column":0},"end":{"line":2,"column":65}},"1":{"start":{"line":5,"column":28},"end":{"line":22,"column":1}},"2":{"start":{"line":6,"column":2},"end":{"line":21,"column":4}},"3":{"start":{"line":7,"column":37},"end":{"line":10,"column":6}},"4":{"start":{"line":12,"column":39},"end":{"line":12,"column":75}},"5":{"start":{"line":14,"column":4},"end":{"line":20,"column":null}},"6":{"start":{"line":15,"column":6},"end":{"line":15,"column":66}},"7":{"start":{"line":17,"column":6},"end":{"line":19,"column":9}},"8":{"start":{"line":5,"column":13},"end":{"line":5,"column":28}},"9":{"start":{"line":24,"column":32},"end":{"line":59,"column":1}},"10":{"start":{"line":25,"column":2},"end":{"line":58,"column":4}},"11":{"start":{"line":26,"column":37},"end":{"line":29,"column":6}},"12":{"start":{"line":33,"column":4},"end":{"line":49,"column":null}},"13":{"start":{"line":35,"column":8},"end":{"line":35,"column":59}},"14":{"start":{"line":36,"column":8},"end":{"line":36,"column":14}},"15":{"start":{"line":38,"column":8},"end":{"line":38,"column":58}},"16":{"start":{"line":39,"column":8},"end":{"line":39,"column":14}},"17":{"start":{"line":41,"column":8},"end":{"line":41,"column":59}},"18":{"start":{"line":42,"column":8},"end":{"line":42,"column":14}},"19":{"start":{"line":44,"column":8},"end":{"line":44,"column":60}},"20":{"start":{"line":45,"column":8},"end":{"line":45,"column":14}},"21":{"start":{"line":47,"column":8},"end":{"line":47,"column":60}},"22":{"start":{"line":48,"column":8},"end":{"line":48,"column":14}},"23":{"start":{"line":51,"column":4},"end":{"line":57,"column":null}},"24":{"start":{"line":52,"column":6},"end":{"line":52,"column":66}},"25":{"start":{"line":54,"column":6},"end":{"line":56,"column":9}},"26":{"start":{"line":24,"column":13},"end":{"line":24,"column":32}}},"fnMap":{"0":{"name":"(anonymous_0)","decl":{"start":{"line":5,"column":28},"end":{"line":5,"column":29}},"loc":{"start":{"line":5,"column":55},"end":{"line":22,"column":1}}},"1":{"name":"(anonymous_1)","decl":{"start":{"line":6,"column":9},"end":{"line":6,"column":14}},"loc":{"start":{"line":6,"column":47},"end":{"line":21,"column":3}}},"2":{"name":"(anonymous_2)","decl":{"start":{"line":24,"column":32},"end":{"line":24,"column":33}},"loc":{"start":{"line":24,"column":74},"end":{"line":59,"column":1}}},"3":{"name":"(anonymous_3)","decl":{"start":{"line":25,"column":9},"end":{"line":25,"column":14}},"loc":{"start":{"line":25,"column":47},"end":{"line":58,"column":3}}}},"branchMap":{"0":{"loc":{"start":{"line":14,"column":4},"end":{"line":20,"column":null}},"type":"if","locations":[{"start":{"line":14,"column":4},"end":{"line":20,"column":null}},{"start":{"line":14,"column":4},"end":{"line":20,"column":null}}]},"1":{"loc":{"start":{"line":14,"column":8},"end":{"line":14,"column":38}},"type":"binary-expr","locations":[{"start":{"line":14,"column":8},"end":{"line":14,"column":38}},{"start":{"line":14,"column":42},"end":{"line":14,"column":72}}]},"2":{"loc":{"start":{"line":34,"column":6},"end":{"line":36,"column":14}},"type":"switch","locations":[{"start":{"line":34,"column":6},"end":{"line":36,"column":14}},{"start":{"line":37,"column":6},"end":{"line":39,"column":14}},{"start":{"line":40,"column":6},"end":{"line":42,"column":14}},{"start":{"line":43,"column":6},"end":{"line":45,"column":14}},{"start":{"line":46,"column":6},"end":{"line":48,"column":14}}]},"3":{"loc":{"start":{"line":51,"column":4},"end":{"line":57,"column":null}},"type":"if","locations":[{"start":{"line":51,"column":4},"end":{"line":57,"column":null}},{"start":{"line":51,"column":4},"end":{"line":57,"column":null}}]},"4":{"loc":{"start":{"line":51,"column":8},"end":{"line":51,"column":38}},"type":"binary-expr","locations":[{"start":{"line":51,"column":8},"end":{"line":51,"column":38}},{"start":{"line":51,"column":42},"end":{"line":51,"column":72}}]}},"s":{"0":6,"1":6,"2":0,"3":0,"4":0,"5":0,"6":0,"7":0,"8":6,"9":6,"10":7,"11":0,"12":0,"13":0,"14":0,"15":0,"16":0,"17":0,"18":0,"19":0,"20":0,"21":0,"22":0,"23":0,"24":0,"25":0,"26":6},"f":{"0":0,"1":0,"2":7,"3":0},"b":{"0":[0,0],"1":[0,0],"2":[0,0,0,0,0],"3":[0,0],"4":[0,0]}}
,"C:\\Users\\tiago\\OneDrive\\Documentos\\Growdev\\Stater\\QUALIDADE DE SOFTWARE\\projetoQualidade\\src\\core\\presentation\\adapters\\index.ts": {"path":"C:\\Users\\tiago\\OneDrive\\Documentos\\Growdev\\Stater\\QUALIDADE DE SOFTWARE\\projetoQualidade\\src\\core\\presentation\\adapters\\index.ts","statementMap":{"0":{"start":{"line":1,"column":0},"end":{"line":1,"column":45}},"1":{"start":{"line":2,"column":0},"end":{"line":2,"column":40}}},"fnMap":{},"branchMap":{},"s":{"0":6,"1":6},"f":{},"b":{}}
,"C:\\Users\\tiago\\OneDrive\\Documentos\\Growdev\\Stater\\QUALIDADE DE SOFTWARE\\projetoQualidade\\src\\core\\presentation\\contracts\\index.ts": {"path":"C:\\Users\\tiago\\OneDrive\\Documentos\\Growdev\\Stater\\QUALIDADE DE SOFTWARE\\projetoQualidade\\src\\core\\presentation\\contracts\\index.ts","statementMap":{"0":{"start":{"line":1,"column":0},"end":{"line":1,"column":29}}},"fnMap":{},"branchMap":{},"s":{"0":6},"f":{},"b":{}}
,"C:\\Users\\tiago\\OneDrive\\Documentos\\Growdev\\Stater\\QUALIDADE DE SOFTWARE\\projetoQualidade\\src\\core\\presentation\\enums\\index.ts": {"path":"C:\\Users\\tiago\\OneDrive\\Documentos\\Growdev\\Stater\\QUALIDADE DE SOFTWARE\\projetoQualidade\\src\\core\\presentation\\enums\\index.ts","statementMap":{"0":{"start":{"line":1,"column":0},"end":{"line":1,"column":27}}},"fnMap":{},"branchMap":{},"s":{"0":6},"f":{},"b":{}}
,"C:\\Users\\tiago\\OneDrive\\Documentos\\Growdev\\Stater\\QUALIDADE DE SOFTWARE\\projetoQualidade\\src\\core\\presentation\\enums\\mvc.enum.ts": {"path":"C:\\Users\\tiago\\OneDrive\\Documentos\\Growdev\\Stater\\QUALIDADE DE SOFTWARE\\projetoQualidade\\src\\core\\presentation\\enums\\mvc.enum.ts","statementMap":{"0":{"start":{"line":1,"column":0},"end":{"line":1,"column":null}},"1":{"start":{"line":2,"column":2},"end":{"line":2,"column":null}},"2":{"start":{"line":3,"column":2},"end":{"line":3,"column":null}},"3":{"start":{"line":4,"column":2},"end":{"line":4,"column":null}},"4":{"start":{"line":5,"column":2},"end":{"line":5,"column":null}},"5":{"start":{"line":6,"column":2},"end":{"line":6,"column":null}}},"fnMap":{"0":{"name":"(anonymous_0)","decl":{"start":{"line":1,"column":0},"end":{"line":1,"column":12}},"loc":{"start":{"line":1,"column":16},"end":{"line":7,"column":1}}}},"branchMap":{"0":{"loc":{"start":{"line":1,"column":12},"end":{"line":1,"column":16}},"type":"binary-expr","locations":[{"start":{"line":1,"column":12},"end":{"line":1,"column":16}},{"start":{"line":1,"column":12},"end":{"line":1,"column":null}}]}},"s":{"0":6,"1":6,"2":6,"3":6,"4":6,"5":6},"f":{"0":6},"b":{"0":[6,6]}}
,"C:\\Users\\tiago\\OneDrive\\Documentos\\Growdev\\Stater\\QUALIDADE DE SOFTWARE\\projetoQualidade\\src\\core\\presentation\\errors\\data-not-found.error.ts": {"path":"C:\\Users\\tiago\\OneDrive\\Documentos\\Growdev\\Stater\\QUALIDADE DE SOFTWARE\\projetoQualidade\\src\\core\\presentation\\errors\\data-not-found.error.ts","statementMap":{"0":{"start":{"line":3,"column":4},"end":{"line":3,"column":27}},"1":{"start":{"line":4,"column":4},"end":{"line":4,"column":36}},"2":{"start":{"line":1,"column":0},"end":{"line":1,"column":13}}},"fnMap":{"0":{"name":"(anonymous_0)","decl":{"start":{"line":2,"column":2},"end":{"line":2,"column":null}},"loc":{"start":{"line":2,"column":2},"end":{"line":5,"column":3}}}},"branchMap":{},"s":{"0":4,"1":4,"2":6},"f":{"0":4},"b":{}}
,"C:\\Users\\tiago\\OneDrive\\Documentos\\Growdev\\Stater\\QUALIDADE DE SOFTWARE\\projetoQualidade\\src\\core\\presentation\\errors\\index.ts": {"path":"C:\\Users\\tiago\\OneDrive\\Documentos\\Growdev\\Stater\\QUALIDADE DE SOFTWARE\\projetoQualidade\\src\\core\\presentation\\errors\\index.ts","statementMap":{"0":{"start":{"line":1,"column":0},"end":{"line":1,"column":31}},"1":{"start":{"line":2,"column":0},"end":{"line":2,"column":38}},"2":{"start":{"line":3,"column":0},"end":{"line":3,"column":38}},"3":{"start":{"line":4,"column":0},"end":{"line":4,"column":39}}},"fnMap":{},"branchMap":{},"s":{"0":6,"1":6,"2":6,"3":6},"f":{},"b":{}}
,"C:\\Users\\tiago\\OneDrive\\Documentos\\Growdev\\Stater\\QUALIDADE DE SOFTWARE\\projetoQualidade\\src\\core\\presentation\\errors\\invalid-param.error.ts": {"path":"C:\\Users\\tiago\\OneDrive\\Documentos\\Growdev\\Stater\\QUALIDADE DE SOFTWARE\\projetoQualidade\\src\\core\\presentation\\errors\\invalid-param.error.ts","statementMap":{"0":{"start":{"line":3,"column":4},"end":{"line":3,"column":41}},"1":{"start":{"line":4,"column":4},"end":{"line":4,"column":36}},"2":{"start":{"line":1,"column":0},"end":{"line":1,"column":13}}},"fnMap":{"0":{"name":"(anonymous_0)","decl":{"start":{"line":2,"column":2},"end":{"line":2,"column":14}},"loc":{"start":{"line":2,"column":31},"end":{"line":5,"column":3}}}},"branchMap":{},"s":{"0":0,"1":0,"2":6},"f":{"0":0},"b":{}}
,"C:\\Users\\tiago\\OneDrive\\Documentos\\Growdev\\Stater\\QUALIDADE DE SOFTWARE\\projetoQualidade\\src\\core\\presentation\\errors\\missing-param.error.ts": {"path":"C:\\Users\\tiago\\OneDrive\\Documentos\\Growdev\\Stater\\QUALIDADE DE SOFTWARE\\projetoQualidade\\src\\core\\presentation\\errors\\missing-param.error.ts","statementMap":{"0":{"start":{"line":3,"column":4},"end":{"line":3,"column":41}},"1":{"start":{"line":4,"column":4},"end":{"line":4,"column":36}},"2":{"start":{"line":1,"column":0},"end":{"line":1,"column":13}}},"fnMap":{"0":{"name":"(anonymous_0)","decl":{"start":{"line":2,"column":2},"end":{"line":2,"column":14}},"loc":{"start":{"line":2,"column":31},"end":{"line":5,"column":3}}}},"branchMap":{},"s":{"0":0,"1":0,"2":6},"f":{"0":0},"b":{}}
,"C:\\Users\\tiago\\OneDrive\\Documentos\\Growdev\\Stater\\QUALIDADE DE SOFTWARE\\projetoQualidade\\src\\core\\presentation\\errors\\server.error.ts": {"path":"C:\\Users\\tiago\\OneDrive\\Documentos\\Growdev\\Stater\\QUALIDADE DE SOFTWARE\\projetoQualidade\\src\\core\\presentation\\errors\\server.error.ts","statementMap":{"0":{"start":{"line":3,"column":4},"end":{"line":3,"column":35}},"1":{"start":{"line":4,"column":4},"end":{"line":4,"column":30}},"2":{"start":{"line":1,"column":0},"end":{"line":1,"column":13}}},"fnMap":{"0":{"name":"(anonymous_0)","decl":{"start":{"line":2,"column":2},"end":{"line":2,"column":null}},"loc":{"start":{"line":2,"column":2},"end":{"line":5,"column":3}}}},"branchMap":{},"s":{"0":21,"1":21,"2":6},"f":{"0":21},"b":{}}
,"C:\\Users\\tiago\\OneDrive\\Documentos\\Growdev\\Stater\\QUALIDADE DE SOFTWARE\\projetoQualidade\\src\\core\\presentation\\helpers\\http-helper.ts": {"path":"C:\\Users\\tiago\\OneDrive\\Documentos\\Growdev\\Stater\\QUALIDADE DE SOFTWARE\\projetoQualidade\\src\\core\\presentation\\helpers\\http-helper.ts","statementMap":{"0":{"start":{"line":1,"column":0},"end":{"line":1,"column":40}},"1":{"start":{"line":4,"column":26},"end":{"line":7,"column":2}},"2":{"start":{"line":4,"column":59},"end":{"line":7,"column":2}},"3":{"start":{"line":4,"column":13},"end":{"line":4,"column":26}},"4":{"start":{"line":9,"column":24},"end":{"line":12,"column":2}},"5":{"start":{"line":9,"column":57},"end":{"line":12,"column":2}},"6":{"start":{"line":9,"column":13},"end":{"line":9,"column":24}},"7":{"start":{"line":14,"column":18},"end":{"line":17,"column":2}},"8":{"start":{"line":14,"column":48},"end":{"line":17,"column":2}},"9":{"start":{"line":14,"column":13},"end":{"line":14,"column":18}},"10":{"start":{"line":19,"column":27},"end":{"line":22,"column":2}},"11":{"start":{"line":19,"column":48},"end":{"line":22,"column":2}},"12":{"start":{"line":19,"column":13},"end":{"line":19,"column":27}}},"fnMap":{"0":{"name":"(anonymous_0)","decl":{"start":{"line":4,"column":26},"end":{"line":4,"column":27}},"loc":{"start":{"line":4,"column":59},"end":{"line":7,"column":2}}},"1":{"name":"(anonymous_1)","decl":{"start":{"line":9,"column":24},"end":{"line":9,"column":25}},"loc":{"start":{"line":9,"column":57},"end":{"line":12,"column":2}}},"2":{"name":"(anonymous_2)","decl":{"start":{"line":14,"column":18},"end":{"line":14,"column":19}},"loc":{"start":{"line":14,"column":48},"end":{"line":17,"column":2}}},"3":{"name":"(anonymous_3)","decl":{"start":{"line":19,"column":27},"end":{"line":19,"column":44}},"loc":{"start":{"line":19,"column":48},"end":{"line":22,"column":2}}}},"branchMap":{},"s":{"0":6,"1":6,"2":0,"3":6,"4":6,"5":4,"6":6,"7":6,"8":23,"9":6,"10":6,"11":21,"12":6},"f":{"0":0,"1":4,"2":23,"3":21},"b":{}}
,"C:\\Users\\tiago\\OneDrive\\Documentos\\Growdev\\Stater\\QUALIDADE DE SOFTWARE\\projetoQualidade\\src\\core\\presentation\\helpers\\index.ts": {"path":"C:\\Users\\tiago\\OneDrive\\Documentos\\Growdev\\Stater\\QUALIDADE DE SOFTWARE\\projetoQualidade\\src\\core\\presentation\\helpers\\index.ts","statementMap":{"0":{"start":{"line":1,"column":0},"end":{"line":1,"column":30}}},"fnMap":{},"branchMap":{},"s":{"0":6},"f":{},"b":{}}
,"C:\\Users\\tiago\\OneDrive\\Documentos\\Growdev\\Stater\\QUALIDADE DE SOFTWARE\\projetoQualidade\\src\\core\\presentation\\models\\index.ts": {"path":"C:\\Users\\tiago\\OneDrive\\Documentos\\Growdev\\Stater\\QUALIDADE DE SOFTWARE\\projetoQualidade\\src\\core\\presentation\\models\\index.ts","statementMap":{"0":{"start":{"line":1,"column":0},"end":{"line":1,"column":29}}},"fnMap":{},"branchMap":{},"s":{"0":6},"f":{},"b":{}}
,"C:\\Users\\tiago\\OneDrive\\Documentos\\Growdev\\Stater\\QUALIDADE DE SOFTWARE\\projetoQualidade\\src\\core\\presentation\\validators\\compare-fields.validator.ts": {"path":"C:\\Users\\tiago\\OneDrive\\Documentos\\Growdev\\Stater\\QUALIDADE DE SOFTWARE\\projetoQualidade\\src\\core\\presentation\\validators\\compare-fields.validator.ts","statementMap":{"0":{"start":{"line":1,"column":0},"end":{"line":1,"column":66}},"1":{"start":{"line":4,"column":2},"end":{"line":4,"column":30}},"2":{"start":{"line":5,"column":2},"end":{"line":5,"column":39}},"3":{"start":{"line":8,"column":4},"end":{"line":8,"column":32}},"4":{"start":{"line":9,"column":4},"end":{"line":9,"column":50}},"5":{"start":{"line":13,"column":4},"end":{"line":15,"column":null}},"6":{"start":{"line":14,"column":6},"end":{"line":14,"column":61}},"7":{"start":{"line":3,"column":0},"end":{"line":3,"column":13}}},"fnMap":{"0":{"name":"(anonymous_2)","decl":{"start":{"line":7,"column":2},"end":{"line":7,"column":14}},"loc":{"start":{"line":7,"column":59},"end":{"line":10,"column":3}}},"1":{"name":"(anonymous_3)","decl":{"start":{"line":12,"column":9},"end":{"line":12,"column":17}},"loc":{"start":{"line":12,"column":28},"end":{"line":16,"column":3}}}},"branchMap":{"0":{"loc":{"start":{"line":13,"column":4},"end":{"line":15,"column":null}},"type":"if","locations":[{"start":{"line":13,"column":4},"end":{"line":15,"column":null}},{"start":{"line":13,"column":4},"end":{"line":15,"column":null}}]}},"s":{"0":6,"1":0,"2":0,"3":0,"4":0,"5":0,"6":0,"7":6},"f":{"0":0,"1":0},"b":{"0":[0,0]}}
,"C:\\Users\\tiago\\OneDrive\\Documentos\\Growdev\\Stater\\QUALIDADE DE SOFTWARE\\projetoQualidade\\src\\core\\presentation\\validators\\email.validator.ts": {"path":"C:\\Users\\tiago\\OneDrive\\Documentos\\Growdev\\Stater\\QUALIDADE DE SOFTWARE\\projetoQualidade\\src\\core\\presentation\\validators\\email.validator.ts","statementMap":{"0":{"start":{"line":1,"column":0},"end":{"line":1,"column":66}},"1":{"start":{"line":3,"column":0},"end":{"line":3,"column":34}},"2":{"start":{"line":6,"column":2},"end":{"line":6,"column":30}},"3":{"start":{"line":9,"column":4},"end":{"line":9,"column":32}},"4":{"start":{"line":13,"column":4},"end":{"line":15,"column":null}},"5":{"start":{"line":14,"column":6},"end":{"line":14,"column":52}},"6":{"start":{"line":5,"column":0},"end":{"line":5,"column":13}}},"fnMap":{"0":{"name":"(anonymous_3)","decl":{"start":{"line":8,"column":2},"end":{"line":8,"column":14}},"loc":{"start":{"line":8,"column":31},"end":{"line":10,"column":3}}},"1":{"name":"(anonymous_4)","decl":{"start":{"line":12,"column":9},"end":{"line":12,"column":17}},"loc":{"start":{"line":12,"column":28},"end":{"line":16,"column":3}}}},"branchMap":{"0":{"loc":{"start":{"line":13,"column":4},"end":{"line":15,"column":null}},"type":"if","locations":[{"start":{"line":13,"column":4},"end":{"line":15,"column":null}},{"start":{"line":13,"column":4},"end":{"line":15,"column":null}}]}},"s":{"0":6,"1":6,"2":0,"3":0,"4":0,"5":0,"6":6},"f":{"0":0,"1":0},"b":{"0":[0,0]}}
,"C:\\Users\\tiago\\OneDrive\\Documentos\\Growdev\\Stater\\QUALIDADE DE SOFTWARE\\projetoQualidade\\src\\core\\presentation\\validators\\index.ts": {"path":"C:\\Users\\tiago\\OneDrive\\Documentos\\Growdev\\Stater\\QUALIDADE DE SOFTWARE\\projetoQualidade\\src\\core\\presentation\\validators\\index.ts","statementMap":{"0":{"start":{"line":1,"column":0},"end":{"line":1,"column":43}},"1":{"start":{"line":2,"column":0},"end":{"line":2,"column":34}},"2":{"start":{"line":3,"column":0},"end":{"line":3,"column":43}}},"fnMap":{},"branchMap":{},"s":{"0":6,"1":6,"2":6},"f":{},"b":{}}
,"C:\\Users\\tiago\\OneDrive\\Documentos\\Growdev\\Stater\\QUALIDADE DE SOFTWARE\\projetoQualidade\\src\\core\\presentation\\validators\\require-fields.validator.ts": {"path":"C:\\Users\\tiago\\OneDrive\\Documentos\\Growdev\\Stater\\QUALIDADE DE SOFTWARE\\projetoQualidade\\src\\core\\presentation\\validators\\require-fields.validator.ts","statementMap":{"0":{"start":{"line":1,"column":0},"end":{"line":1,"column":46}},"1":{"start":{"line":4,"column":2},"end":{"line":4,"column":30}},"2":{"start":{"line":7,"column":4},"end":{"line":7,"column":32}},"3":{"start":{"line":11,"column":4},"end":{"line":13,"column":null}},"4":{"start":{"line":12,"column":6},"end":{"line":12,"column":52}},"5":{"start":{"line":3,"column":0},"end":{"line":3,"column":13}}},"fnMap":{"0":{"name":"(anonymous_2)","decl":{"start":{"line":6,"column":2},"end":{"line":6,"column":14}},"loc":{"start":{"line":6,"column":31},"end":{"line":8,"column":3}}},"1":{"name":"(anonymous_3)","decl":{"start":{"line":10,"column":9},"end":{"line":10,"column":17}},"loc":{"start":{"line":10,"column":28},"end":{"line":14,"column":3}}}},"branchMap":{"0":{"loc":{"start":{"line":11,"column":4},"end":{"line":13,"column":null}},"type":"if","locations":[{"start":{"line":11,"column":4},"end":{"line":13,"column":null}},{"start":{"line":11,"column":4},"end":{"line":13,"column":null}}]}},"s":{"0":6,"1":0,"2":0,"3":0,"4":0,"5":6},"f":{"0":0,"1":0},"b":{"0":[0,0]}}
,"C:\\Users\\tiago\\OneDrive\\Documentos\\Growdev\\Stater\\QUALIDADE DE SOFTWARE\\projetoQualidade\\src\\features\\login\\infra\\repositories\\login.repository.ts": {"path":"C:\\Users\\tiago\\OneDrive\\Documentos\\Growdev\\Stater\\QUALIDADE DE SOFTWARE\\projetoQualidade\\src\\features\\login\\infra\\repositories\\login.repository.ts","statementMap":{"0":{"start":{"line":3,"column":0},"end":{"line":3,"column":53}},"1":{"start":{"line":9,"column":23},"end":{"line":9,"column":47}},"2":{"start":{"line":11,"column":8},"end":{"line":17,"column":11}},"3":{"start":{"line":12,"column":10},"end":{"line":16,"column":21}},"4":{"start":{"line":21,"column":22},"end":{"line":23,"column":10}},"5":{"start":{"line":25,"column":8},"end":{"line":25,"column":37}},"6":{"start":{"line":25,"column":20},"end":{"line":25,"column":37}},"7":{"start":{"line":27,"column":8},"end":{"line":29,"column":19}},"8":{"start":{"line":33,"column":34},"end":{"line":33,"column":40}},"9":{"start":{"line":35,"column":22},"end":{"line":38,"column":17}},"10":{"start":{"line":39,"column":8},"end":{"line":39,"column":48}},"11":{"start":{"line":43,"column":34},"end":{"line":43,"column":40}},"12":{"start":{"line":45,"column":23},"end":{"line":48,"column":10}},"13":{"start":{"line":49,"column":8},"end":{"line":49,"column":49}},"14":{"start":{"line":53,"column":9},"end":{"line":53,"column":45}},"15":{"start":{"line":7,"column":0},"end":{"line":7,"column":21}}},"fnMap":{"0":{"name":"(anonymous_0)","decl":{"start":{"line":8,"column":4},"end":{"line":8,"column":9}},"loc":{"start":{"line":8,"column":19},"end":{"line":18,"column":7}}},"1":{"name":"(anonymous_1)","decl":{"start":{"line":11,"column":26},"end":{"line":11,"column":27}},"loc":{"start":{"line":11,"column":36},"end":{"line":17,"column":9}}},"2":{"name":"(anonymous_2)","decl":{"start":{"line":20,"column":6},"end":{"line":20,"column":11}},"loc":{"start":{"line":20,"column":52},"end":{"line":31,"column":7}}},"3":{"name":"(anonymous_3)","decl":{"start":{"line":32,"column":6},"end":{"line":32,"column":11}},"loc":{"start":{"line":32,"column":32},"end":{"line":40,"column":7}}},"4":{"name":"(anonymous_4)","decl":{"start":{"line":42,"column":6},"end":{"line":42,"column":11}},"loc":{"start":{"line":42,"column":44},"end":{"line":50,"column":7}}},"5":{"name":"(anonymous_5)","decl":{"start":{"line":52,"column":6},"end":{"line":52,"column":11}},"loc":{"start":{"line":52,"column":29},"end":{"line":55,"column":7}}}},"branchMap":{"0":{"loc":{"start":{"line":25,"column":8},"end":{"line":25,"column":37}},"type":"if","locations":[{"start":{"line":25,"column":8},"end":{"line":25,"column":37}},{"start":{"line":25,"column":8},"end":{"line":25,"column":37}}]}},"s":{"0":6,"1":0,"2":0,"3":0,"4":0,"5":0,"6":0,"7":0,"8":0,"9":0,"10":0,"11":1,"12":1,"13":0,"14":1,"15":6},"f":{"0":0,"1":0,"2":0,"3":0,"4":1,"5":1},"b":{"0":[0,0]}}
,"C:\\Users\\tiago\\OneDrive\\Documentos\\Growdev\\Stater\\QUALIDADE DE SOFTWARE\\projetoQualidade\\src\\features\\login\\presentation\\controllers\\login.controller.ts": {"path":"C:\\Users\\tiago\\OneDrive\\Documentos\\Growdev\\Stater\\QUALIDADE DE SOFTWARE\\projetoQualidade\\src\\features\\login\\presentation\\controllers\\login.controller.ts","statementMap":{"0":{"start":{"line":3,"column":0},"end":{"line":3,"column":null}},"1":{"start":{"line":15,"column":2},"end":{"line":15,"column":40}},"2":{"start":{"line":16,"column":2},"end":{"line":16,"column":34}},"3":{"start":{"line":19,"column":4},"end":{"line":19,"column":34}},"4":{"start":{"line":20,"column":4},"end":{"line":20,"column":24}},"5":{"start":{"line":24,"column":4},"end":{"line":39,"column":null}},"6":{"start":{"line":26,"column":20},"end":{"line":26,"column":55}},"7":{"start":{"line":28,"column":6},"end":{"line":30,"column":null}},"8":{"start":{"line":29,"column":8},"end":{"line":29,"column":86}},"9":{"start":{"line":29,"column":44},"end":{"line":29,"column":83}},"10":{"start":{"line":32,"column":21},"end":{"line":32,"column":55}},"11":{"start":{"line":34,"column":6},"end":{"line":34,"column":50}},"12":{"start":{"line":36,"column":6},"end":{"line":36,"column":24}},"13":{"start":{"line":38,"column":6},"end":{"line":38,"column":27}},"14":{"start":{"line":43,"column":20},"end":{"line":43,"column":34}},"15":{"start":{"line":45,"column":4},"end":{"line":54,"column":null}},"16":{"start":{"line":46,"column":21},"end":{"line":46,"column":55}},"17":{"start":{"line":48,"column":6},"end":{"line":48,"column":42}},"18":{"start":{"line":49,"column":6},"end":{"line":49,"column":44}},"19":{"start":{"line":51,"column":6},"end":{"line":51,"column":24}},"20":{"start":{"line":53,"column":6},"end":{"line":53,"column":27}},"21":{"start":{"line":58,"column":20},"end":{"line":58,"column":34}},"22":{"start":{"line":60,"column":4},"end":{"line":69,"column":null}},"23":{"start":{"line":61,"column":21},"end":{"line":61,"column":69}},"24":{"start":{"line":63,"column":6},"end":{"line":63,"column":42}},"25":{"start":{"line":64,"column":6},"end":{"line":64,"column":44}},"26":{"start":{"line":65,"column":6},"end":{"line":65,"column":24}},"27":{"start":{"line":68,"column":6},"end":{"line":68,"column":27}},"28":{"start":{"line":73,"column":4},"end":{"line":82,"column":null}},"29":{"start":{"line":74,"column":21},"end":{"line":74,"column":64}},"30":{"start":{"line":76,"column":6},"end":{"line":76,"column":36}},"31":{"start":{"line":77,"column":6},"end":{"line":77,"column":24}},"32":{"start":{"line":80,"column":6},"end":{"line":80,"column":null}},"33":{"start":{"line":81,"column":6},"end":{"line":81,"column":27}},"34":{"start":{"line":86,"column":33},"end":{"line":86,"column":45}},"35":{"start":{"line":88,"column":4},"end":{"line":105,"column":null}},"36":{"start":{"line":90,"column":20},"end":{"line":90,"column":59}},"37":{"start":{"line":91,"column":6},"end":{"line":93,"column":null}},"38":{"start":{"line":92,"column":8},"end":{"line":92,"column":61}},"39":{"start":{"line":95,"column":20},"end":{"line":95,"column":67}},"40":{"start":{"line":96,"column":6},"end":{"line":98,"column":null}},"41":{"start":{"line":97,"column":8},"end":{"line":97,"column":49}},"42":{"start":{"line":100,"column":6},"end":{"line":100,"column":53}},"43":{"start":{"line":102,"column":6},"end":{"line":102,"column":23}},"44":{"start":{"line":104,"column":6},"end":{"line":104,"column":27}},"45":{"start":{"line":14,"column":0},"end":{"line":14,"column":21}}},"fnMap":{"0":{"name":"(anonymous_2)","decl":{"start":{"line":18,"column":2},"end":{"line":18,"column":14}},"loc":{"start":{"line":18,"column":65},"end":{"line":21,"column":3}}},"1":{"name":"(anonymous_3)","decl":{"start":{"line":23,"column":9},"end":{"line":23,"column":14}},"loc":{"start":{"line":23,"column":20},"end":{"line":40,"column":3}}},"2":{"name":"(anonymous_4)","decl":{"start":{"line":29,"column":28},"end":{"line":29,"column":29}},"loc":{"start":{"line":29,"column":44},"end":{"line":29,"column":83}}},"3":{"name":"(anonymous_5)","decl":{"start":{"line":42,"column":1},"end":{"line":42,"column":6}},"loc":{"start":{"line":42,"column":34},"end":{"line":55,"column":3}}},"4":{"name":"(anonymous_6)","decl":{"start":{"line":57,"column":2},"end":{"line":57,"column":7}},"loc":{"start":{"line":57,"column":35},"end":{"line":70,"column":3}}},"5":{"name":"(anonymous_7)","decl":{"start":{"line":72,"column":2},"end":{"line":72,"column":7}},"loc":{"start":{"line":72,"column":34},"end":{"line":83,"column":3}}},"6":{"name":"(anonymous_8)","decl":{"start":{"line":85,"column":9},"end":{"line":85,"column":14}},"loc":{"start":{"line":85,"column":40},"end":{"line":106,"column":3}}}},"branchMap":{"0":{"loc":{"start":{"line":28,"column":6},"end":{"line":30,"column":null}},"type":"if","locations":[{"start":{"line":28,"column":6},"end":{"line":30,"column":null}},{"start":{"line":28,"column":6},"end":{"line":30,"column":null}}]},"1":{"loc":{"start":{"line":91,"column":6},"end":{"line":93,"column":null}},"type":"if","locations":[{"start":{"line":91,"column":6},"end":{"line":93,"column":null}},{"start":{"line":91,"column":6},"end":{"line":93,"column":null}}]},"2":{"loc":{"start":{"line":96,"column":6},"end":{"line":98,"column":null}},"type":"if","locations":[{"start":{"line":96,"column":6},"end":{"line":98,"column":null}},{"start":{"line":96,"column":6},"end":{"line":98,"column":null}}]}},"s":{"0":6,"1":14,"2":14,"3":14,"4":14,"5":2,"6":2,"7":1,"8":1,"9":1,"10":0,"11":0,"12":0,"13":1,"14":2,"15":2,"16":2,"17":1,"18":1,"19":1,"20":1,"21":1,"22":1,"23":1,"24":0,"25":0,"26":0,"27":1,"28":3,"29":3,"30":2,"31":2,"32":1,"33":1,"34":4,"35":4,"36":4,"37":3,"38":1,"39":2,"40":2,"41":1,"42":1,"43":1,"44":1,"45":6},"f":{"0":14,"1":2,"2":1,"3":2,"4":1,"5":3,"6":4},"b":{"0":[1,0],"1":[1,2],"2":[1,1]}}
,"C:\\Users\\tiago\\OneDrive\\Documentos\\Growdev\\Stater\\QUALIDADE DE SOFTWARE\\projetoQualidade\\src\\features\\login\\presentation\\middlewares\\index.ts": {"path":"C:\\Users\\tiago\\OneDrive\\Documentos\\Growdev\\Stater\\QUALIDADE DE SOFTWARE\\projetoQualidade\\src\\features\\login\\presentation\\middlewares\\index.ts","statementMap":{"0":{"start":{"line":1,"column":0},"end":{"line":1,"column":35}}},"fnMap":{},"branchMap":{},"s":{"0":6},"f":{},"b":{}}
,"C:\\Users\\tiago\\OneDrive\\Documentos\\Growdev\\Stater\\QUALIDADE DE SOFTWARE\\projetoQualidade\\src\\features\\login\\presentation\\middlewares\\login.middlewares.ts": {"path":"C:\\Users\\tiago\\OneDrive\\Documentos\\Growdev\\Stater\\QUALIDADE DE SOFTWARE\\projetoQualidade\\src\\features\\login\\presentation\\middlewares\\login.middlewares.ts","statementMap":{"0":{"start":{"line":1,"column":0},"end":{"line":1,"column":null}},"1":{"start":{"line":7,"column":0},"end":{"line":7,"column":82}},"2":{"start":{"line":11,"column":23},"end":{"line":11,"column":26}},"3":{"start":{"line":13,"column":6},"end":{"line":18,"column":null}},"4":{"start":{"line":14,"column":22},"end":{"line":14,"column":70}},"5":{"start":{"line":15,"column":8},"end":{"line":17,"column":null}},"6":{"start":{"line":16,"column":10},"end":{"line":16,"column":35}},"7":{"start":{"line":20,"column":6},"end":{"line":20,"column":20}},"8":{"start":{"line":9,"column":2},"end":{"line":9,"column":15}}},"fnMap":{"0":{"name":"(anonymous_0)","decl":{"start":{"line":10,"column":4},"end":{"line":10,"column":9}},"loc":{"start":{"line":10,"column":36},"end":{"line":21,"column":5}}}},"branchMap":{"0":{"loc":{"start":{"line":15,"column":8},"end":{"line":17,"column":null}},"type":"if","locations":[{"start":{"line":15,"column":8},"end":{"line":17,"column":null}},{"start":{"line":15,"column":8},"end":{"line":17,"column":null}}]}},"s":{"0":6,"1":6,"2":0,"3":0,"4":0,"5":0,"6":0,"7":0,"8":6},"f":{"0":0},"b":{"0":[0,0]}}
,"C:\\Users\\tiago\\OneDrive\\Documentos\\Growdev\\Stater\\QUALIDADE DE SOFTWARE\\projetoQualidade\\src\\features\\login\\presentation\\routes\\index.ts": {"path":"C:\\Users\\tiago\\OneDrive\\Documentos\\Growdev\\Stater\\QUALIDADE DE SOFTWARE\\projetoQualidade\\src\\features\\login\\presentation\\routes\\index.ts","statementMap":{"0":{"start":{"line":2,"column":0},"end":{"line":2,"column":33}},"1":{"start":{"line":3,"column":0},"end":{"line":3,"column":87}},"2":{"start":{"line":4,"column":0},"end":{"line":4,"column":105}},"3":{"start":{"line":5,"column":0},"end":{"line":5,"column":72}},"4":{"start":{"line":6,"column":0},"end":{"line":6,"column":62}},"5":{"start":{"line":7,"column":0},"end":{"line":7,"column":49}},"6":{"start":{"line":11,"column":23},"end":{"line":15,"column":3}},"7":{"start":{"line":12,"column":23},"end":{"line":12,"column":44}},"8":{"start":{"line":13,"column":18},"end":{"line":13,"column":39}},"9":{"start":{"line":14,"column":4},"end":{"line":14,"column":50}},"10":{"start":{"line":19,"column":23},"end":{"line":19,"column":31}},"11":{"start":{"line":22,"column":8},"end":{"line":25,"column":59}},"12":{"start":{"line":27,"column":8},"end":{"line":29,"column":60}},"13":{"start":{"line":32,"column":8},"end":{"line":32,"column":22}},"14":{"start":{"line":17,"column":0},"end":{"line":17,"column":21}}},"fnMap":{"0":{"name":"(anonymous_1)","decl":{"start":{"line":11,"column":23},"end":{"line":11,"column":41}},"loc":{"start":{"line":11,"column":43},"end":{"line":15,"column":3}}},"1":{"name":"(anonymous_2)","decl":{"start":{"line":18,"column":11},"end":{"line":18,"column":15}},"loc":{"start":{"line":18,"column":15},"end":{"line":34,"column":5}}}},"branchMap":{},"s":{"0":6,"1":6,"2":6,"3":6,"4":6,"5":6,"6":6,"7":2,"8":2,"9":2,"10":1,"11":1,"12":1,"13":1,"14":6},"f":{"0":2,"1":1},"b":{}}
,"C:\\Users\\tiago\\OneDrive\\Documentos\\Growdev\\Stater\\QUALIDADE DE SOFTWARE\\projetoQualidade\\src\\features\\recado\\infra\\repositories\\recado.repository.ts": {"path":"C:\\Users\\tiago\\OneDrive\\Documentos\\Growdev\\Stater\\QUALIDADE DE SOFTWARE\\projetoQualidade\\src\\features\\recado\\infra\\repositories\\recado.repository.ts","statementMap":{"0":{"start":{"line":1,"column":0},"end":{"line":1,"column":54}},"1":{"start":{"line":8,"column":24},"end":{"line":8,"column":49}},"2":{"start":{"line":10,"column":8},"end":{"line":17,"column":11}},"3":{"start":{"line":11,"column":10},"end":{"line":16,"column":23}},"4":{"start":{"line":21,"column":23},"end":{"line":23,"column":10}},"5":{"start":{"line":25,"column":8},"end":{"line":27,"column":null}},"6":{"start":{"line":26,"column":10},"end":{"line":26,"column":27}},"7":{"start":{"line":29,"column":8},"end":{"line":34,"column":10}},"8":{"start":{"line":38,"column":44},"end":{"line":38,"column":50}},"9":{"start":{"line":40,"column":23},"end":{"line":44,"column":17}},"10":{"start":{"line":46,"column":8},"end":{"line":46,"column":49}},"11":{"start":{"line":50,"column":36},"end":{"line":50,"column":42}},"12":{"start":{"line":52,"column":23},"end":{"line":55,"column":10}},"13":{"start":{"line":56,"column":8},"end":{"line":56,"column":49}},"14":{"start":{"line":60,"column":9},"end":{"line":60,"column":46}},"15":{"start":{"line":6,"column":0},"end":{"line":6,"column":21}}},"fnMap":{"0":{"name":"(anonymous_0)","decl":{"start":{"line":7,"column":4},"end":{"line":7,"column":9}},"loc":{"start":{"line":7,"column":20},"end":{"line":18,"column":7}}},"1":{"name":"(anonymous_1)","decl":{"start":{"line":10,"column":27},"end":{"line":10,"column":28}},"loc":{"start":{"line":10,"column":38},"end":{"line":17,"column":9}}},"2":{"name":"(anonymous_2)","decl":{"start":{"line":20,"column":6},"end":{"line":20,"column":11}},"loc":{"start":{"line":20,"column":32},"end":{"line":35,"column":7}}},"3":{"name":"(anonymous_3)","decl":{"start":{"line":37,"column":6},"end":{"line":37,"column":11}},"loc":{"start":{"line":37,"column":34},"end":{"line":47,"column":7}}},"4":{"name":"(anonymous_4)","decl":{"start":{"line":49,"column":6},"end":{"line":49,"column":11}},"loc":{"start":{"line":49,"column":46},"end":{"line":57,"column":7}}},"5":{"name":"(anonymous_5)","decl":{"start":{"line":59,"column":6},"end":{"line":59,"column":11}},"loc":{"start":{"line":59,"column":29},"end":{"line":62,"column":7}}}},"branchMap":{"0":{"loc":{"start":{"line":25,"column":8},"end":{"line":27,"column":null}},"type":"if","locations":[{"start":{"line":25,"column":8},"end":{"line":27,"column":null}},{"start":{"line":25,"column":8},"end":{"line":27,"column":null}}]}},"s":{"0":6,"1":1,"2":0,"3":0,"4":0,"5":0,"6":0,"7":0,"8":0,"9":0,"10":0,"11":1,"12":1,"13":0,"14":1,"15":6},"f":{"0":1,"1":0,"2":0,"3":0,"4":1,"5":1},"b":{"0":[0,0]}}
,"C:\\Users\\tiago\\OneDrive\\Documentos\\Growdev\\Stater\\QUALIDADE DE SOFTWARE\\projetoQualidade\\src\\features\\recado\\presentation\\controllers\\recado.controller.ts": {"path":"C:\\Users\\tiago\\OneDrive\\Documentos\\Growdev\\Stater\\QUALIDADE DE SOFTWARE\\projetoQualidade\\src\\features\\recado\\presentation\\controllers\\recado.controller.ts","statementMap":{"0":{"start":{"line":3,"column":0},"end":{"line":3,"column":null}},"1":{"start":{"line":16,"column":2},"end":{"line":16,"column":41}},"2":{"start":{"line":17,"column":2},"end":{"line":17,"column":34}},"3":{"start":{"line":20,"column":4},"end":{"line":20,"column":34}},"4":{"start":{"line":21,"column":4},"end":{"line":21,"column":24}},"5":{"start":{"line":25,"column":4},"end":{"line":41,"column":null}},"6":{"start":{"line":27,"column":20},"end":{"line":27,"column":55}},"7":{"start":{"line":30,"column":6},"end":{"line":32,"column":null}},"8":{"start":{"line":31,"column":8},"end":{"line":31,"column":88}},"9":{"start":{"line":31,"column":45},"end":{"line":31,"column":85}},"10":{"start":{"line":34,"column":22},"end":{"line":34,"column":57}},"11":{"start":{"line":36,"column":6},"end":{"line":36,"column":51}},"12":{"start":{"line":38,"column":6},"end":{"line":38,"column":25}},"13":{"start":{"line":40,"column":6},"end":{"line":40,"column":27}},"14":{"start":{"line":45,"column":19},"end":{"line":45,"column":33}},"15":{"start":{"line":47,"column":4},"end":{"line":55,"column":null}},"16":{"start":{"line":48,"column":21},"end":{"line":48,"column":54}},"17":{"start":{"line":49,"column":6},"end":{"line":49,"column":42}},"18":{"start":{"line":50,"column":6},"end":{"line":50,"column":44}},"19":{"start":{"line":52,"column":6},"end":{"line":52,"column":24}},"20":{"start":{"line":54,"column":6},"end":{"line":54,"column":27}},"21":{"start":{"line":59,"column":19},"end":{"line":59,"column":33}},"22":{"start":{"line":61,"column":4},"end":{"line":71,"column":null}},"23":{"start":{"line":62,"column":21},"end":{"line":62,"column":68}},"24":{"start":{"line":63,"column":6},"end":{"line":63,"column":42}},"25":{"start":{"line":64,"column":6},"end":{"line":64,"column":44}},"26":{"start":{"line":67,"column":6},"end":{"line":67,"column":24}},"27":{"start":{"line":70,"column":6},"end":{"line":70,"column":27}},"28":{"start":{"line":75,"column":4},"end":{"line":83,"column":null}},"29":{"start":{"line":76,"column":21},"end":{"line":76,"column":64}},"30":{"start":{"line":78,"column":6},"end":{"line":78,"column":42}},"31":{"start":{"line":80,"column":6},"end":{"line":80,"column":24}},"32":{"start":{"line":82,"column":6},"end":{"line":82,"column":27}},"33":{"start":{"line":87,"column":19},"end":{"line":87,"column":33}},"34":{"start":{"line":89,"column":4},"end":{"line":106,"column":null}},"35":{"start":{"line":91,"column":20},"end":{"line":91,"column":57}},"36":{"start":{"line":92,"column":6},"end":{"line":94,"column":null}},"37":{"start":{"line":93,"column":8},"end":{"line":93,"column":61}},"38":{"start":{"line":96,"column":21},"end":{"line":96,"column":57}},"39":{"start":{"line":97,"column":6},"end":{"line":99,"column":null}},"40":{"start":{"line":98,"column":8},"end":{"line":98,"column":49}},"41":{"start":{"line":101,"column":6},"end":{"line":101,"column":52}},"42":{"start":{"line":103,"column":6},"end":{"line":103,"column":24}},"43":{"start":{"line":105,"column":6},"end":{"line":105,"column":27}},"44":{"start":{"line":15,"column":0},"end":{"line":15,"column":21}}},"fnMap":{"0":{"name":"(anonymous_2)","decl":{"start":{"line":19,"column":2},"end":{"line":19,"column":14}},"loc":{"start":{"line":19,"column":66},"end":{"line":22,"column":3}}},"1":{"name":"(anonymous_3)","decl":{"start":{"line":24,"column":9},"end":{"line":24,"column":14}},"loc":{"start":{"line":24,"column":20},"end":{"line":42,"column":3}}},"2":{"name":"(anonymous_4)","decl":{"start":{"line":31,"column":28},"end":{"line":31,"column":29}},"loc":{"start":{"line":31,"column":45},"end":{"line":31,"column":85}}},"3":{"name":"(anonymous_5)","decl":{"start":{"line":44,"column":1},"end":{"line":44,"column":6}},"loc":{"start":{"line":44,"column":34},"end":{"line":56,"column":3}}},"4":{"name":"(anonymous_6)","decl":{"start":{"line":58,"column":2},"end":{"line":58,"column":7}},"loc":{"start":{"line":58,"column":35},"end":{"line":72,"column":3}}},"5":{"name":"(anonymous_7)","decl":{"start":{"line":74,"column":2},"end":{"line":74,"column":7}},"loc":{"start":{"line":74,"column":34},"end":{"line":84,"column":3}}},"6":{"name":"(anonymous_8)","decl":{"start":{"line":86,"column":2},"end":{"line":86,"column":7}},"loc":{"start":{"line":86,"column":33},"end":{"line":107,"column":3}}}},"branchMap":{"0":{"loc":{"start":{"line":30,"column":6},"end":{"line":32,"column":null}},"type":"if","locations":[{"start":{"line":30,"column":6},"end":{"line":32,"column":null}},{"start":{"line":30,"column":6},"end":{"line":32,"column":null}}]},"1":{"loc":{"start":{"line":92,"column":6},"end":{"line":94,"column":null}},"type":"if","locations":[{"start":{"line":92,"column":6},"end":{"line":94,"column":null}},{"start":{"line":92,"column":6},"end":{"line":94,"column":null}}]},"2":{"loc":{"start":{"line":97,"column":6},"end":{"line":99,"column":null}},"type":"if","locations":[{"start":{"line":97,"column":6},"end":{"line":99,"column":null}},{"start":{"line":97,"column":6},"end":{"line":99,"column":null}}]}},"s":{"0":6,"1":19,"2":19,"3":19,"4":19,"5":3,"6":3,"7":2,"8":1,"9":1,"10":1,"11":0,"12":0,"13":2,"14":2,"15":2,"16":2,"17":1,"18":1,"19":1,"20":1,"21":2,"22":2,"23":2,"24":1,"25":1,"26":1,"27":1,"28":3,"29":3,"30":2,"31":2,"32":1,"33":4,"34":4,"35":4,"36":3,"37":1,"38":2,"39":2,"40":1,"41":1,"42":1,"43":1,"44":6},"f":{"0":19,"1":3,"2":1,"3":2,"4":2,"5":3,"6":4},"b":{"0":[1,1],"1":[1,2],"2":[1,1]}}
,"C:\\Users\\tiago\\OneDrive\\Documentos\\Growdev\\Stater\\QUALIDADE DE SOFTWARE\\projetoQualidade\\src\\features\\recado\\presentation\\routes\\routes.ts": {"path":"C:\\Users\\tiago\\OneDrive\\Documentos\\Growdev\\Stater\\QUALIDADE DE SOFTWARE\\projetoQualidade\\src\\features\\recado\\presentation\\routes\\routes.ts","statementMap":{"0":{"start":{"line":1,"column":0},"end":{"line":1,"column":33}},"1":{"start":{"line":2,"column":0},"end":{"line":2,"column":87}},"2":{"start":{"line":3,"column":0},"end":{"line":3,"column":105}},"3":{"start":{"line":4,"column":0},"end":{"line":4,"column":74}},"4":{"start":{"line":5,"column":0},"end":{"line":5,"column":64}},"5":{"start":{"line":7,"column":23},"end":{"line":11,"column":3}},"6":{"start":{"line":8,"column":23},"end":{"line":8,"column":45}},"7":{"start":{"line":9,"column":18},"end":{"line":9,"column":39}},"8":{"start":{"line":10,"column":4},"end":{"line":10,"column":51}},"9":{"start":{"line":15,"column":23},"end":{"line":15,"column":31}},"10":{"start":{"line":18,"column":8},"end":{"line":18,"column":78}},"11":{"start":{"line":19,"column":8},"end":{"line":19,"column":81}},"12":{"start":{"line":21,"column":8},"end":{"line":23,"column":60}},"13":{"start":{"line":25,"column":8},"end":{"line":27,"column":61}},"14":{"start":{"line":29,"column":8},"end":{"line":31,"column":61}},"15":{"start":{"line":33,"column":8},"end":{"line":33,"column":22}},"16":{"start":{"line":13,"column":0},"end":{"line":13,"column":21}}},"fnMap":{"0":{"name":"(anonymous_1)","decl":{"start":{"line":7,"column":23},"end":{"line":7,"column":41}},"loc":{"start":{"line":7,"column":43},"end":{"line":11,"column":3}}},"1":{"name":"(anonymous_2)","decl":{"start":{"line":14,"column":11},"end":{"line":14,"column":15}},"loc":{"start":{"line":14,"column":15},"end":{"line":35,"column":5}}}},"branchMap":{},"s":{"0":6,"1":6,"2":6,"3":6,"4":6,"5":6,"6":5,"7":5,"8":5,"9":1,"10":1,"11":1,"12":1,"13":1,"14":1,"15":1,"16":6},"f":{"0":5,"1":1},"b":{}}
}
