TN:
SF:src\core\infra\index.ts
FNF:0
FNH:0
DA:1,6
DA:2,6
LF:2
LH:2
BRF:0
BRH:0
end_of_record
TN:
SF:src\core\infra\data\connections\database.ts
FN:6,(anonymous_0)
FN:14,(anonymous_1)
FN:20,(anonymous_2)
FNF:3
FNH:2
FNDA:0,(anonymous_0)
FNDA:4,(anonymous_1)
FNDA:2,(anonymous_2)
DA:1,6
DA:3,6
DA:7,0
DA:8,0
DA:11,0
DA:15,4
DA:16,4
DA:21,2
DA:22,0
DA:25,2
LF:10
LH:6
BRDA:7,0,0,0
BRDA:7,0,1,0
BRDA:15,1,0,4
BRDA:15,1,1,0
BRDA:21,2,0,0
BRDA:21,2,1,2
BRF:6
BRH:2
end_of_record
TN:
SF:src\core\infra\data\connections\redis.ts
FN:7,(anonymous_3)
FN:15,(anonymous_4)
FNF:2
FNH:0
FNDA:0,(anonymous_3)
FNDA:0,(anonymous_4)
DA:1,6
DA:2,6
DA:4,6
DA:5,6
DA:8,0
DA:9,0
DA:12,0
DA:16,0
DA:17,0
LF:9
LH:4
BRDA:8,0,0,0
BRDA:8,0,1,0
BRDA:16,1,0,0
BRDA:16,1,1,0
BRF:4
BRH:0
end_of_record
TN:
SF:src\core\infra\data\database\entities\index.ts
FNF:0
FNH:0
DA:1,6
DA:2,6
LF:2
LH:2
BRF:0
BRH:0
end_of_record
TN:
SF:src\core\infra\data\database\entities\login.entity.ts
FN:17,(anonymous_2)
FNF:1
FNH:1
FNDA:4,(anonymous_2)
DA:1,6
DA:6,6
DA:8,6
DA:11,6
DA:14,6
DA:18,4
DA:19,4
DA:20,4
DA:21,4
LF:9
LH:9
BRF:0
BRH:0
end_of_record
TN:
SF:src\core\infra\data\database\entities\recado.entity.ts
FN:33,(anonymous_3)
FN:29,(anonymous_4)
FN:29,(anonymous_5)
FNF:3
FNH:3
FNDA:4,(anonymous_3)
FNDA:4,(anonymous_4)
FNDA:4,(anonymous_5)
DA:1,6
DA:9,6
DA:10,6
DA:16,6
DA:18,6
DA:21,6
DA:24,6
DA:27,6
DA:29,4
DA:31,6
DA:34,4
DA:35,4
DA:36,4
DA:37,4
LF:14
LH:14
BRF:0
BRH:0
end_of_record
TN:
SF:src\core\infra\repositories\cache.repository.ts
FN:4,(anonymous_0)
FN:9,(anonymous_1)
FN:15,(anonymous_2)
FN:23,(anonymous_3)
FNF:4
FNH:0
FNDA:0,(anonymous_0)
FNDA:0,(anonymous_1)
FNDA:0,(anonymous_2)
FNDA:0,(anonymous_3)
DA:1,6
DA:3,6
DA:5,0
DA:6,0
DA:10,0
DA:11,0
DA:16,0
DA:17,0
DA:18,0
DA:20,0
DA:24,0
DA:25,0
DA:26,0
LF:13
LH:2
BRDA:18,0,0,0
BRDA:18,0,1,0
BRF:2
BRH:0
end_of_record
TN:
SF:src\core\presentation\app.ts
FN:11,(anonymous_9)
FN:15,(anonymous_10)
FN:19,(anonymous_11)
FN:24,(anonymous_12)
FN:30,(anonymous_13)
FN:33,(anonymous_14)
FN:36,(anonymous_15)
FN:48,(anonymous_16)
FN:49,(anonymous_17)
FNF:9
FNH:2
FNDA:2,(anonymous_9)
FNDA:2,(anonymous_10)
FNDA:0,(anonymous_11)
FNDA:0,(anonymous_12)
FNDA:0,(anonymous_13)
FNDA:0,(anonymous_14)
FNDA:0,(anonymous_15)
FNDA:0,(anonymous_16)
FNDA:0,(anonymous_17)
DA:2,6
DA:3,6
DA:4,6
DA:5,6
DA:8,6
DA:9,2
DA:12,2
DA:16,2
DA:20,0
DA:21,0
DA:25,0
DA:26,0
DA:27,0
DA:31,0
DA:33,0
DA:34,0
DA:36,0
DA:38,0
DA:39,0
DA:42,0
DA:43,0
DA:49,0
DA:50,0
LF:23
LH:8
BRF:0
BRH:0
end_of_record
TN:
SF:src\core\presentation\index.ts
FNF:0
FNH:0
DA:1,6
DA:2,6
DA:3,6
DA:4,6
DA:5,6
DA:6,6
DA:7,6
LF:7
LH:7
BRF:0
BRH:0
end_of_record
TN:
SF:src\core\presentation\adapters\express-middleware.adapter.ts
FN:4,(anonymous_0)
FN:5,(anonymous_1)
FNF:2
FNH:1
FNDA:1,(anonymous_0)
FNDA:0,(anonymous_1)
DA:4,6
DA:5,1
DA:6,0
DA:11,0
DA:13,0
DA:14,0
DA:15,0
DA:17,0
LF:8
LH:2
BRDA:13,0,0,0
BRDA:13,0,1,0
BRF:2
BRH:0
end_of_record
TN:
SF:src\core\presentation\adapters\express-route.adapter.ts
FN:5,(anonymous_0)
FN:6,(anonymous_1)
FN:24,(anonymous_2)
FN:25,(anonymous_3)
FNF:4
FNH:1
FNDA:0,(anonymous_0)
FNDA:0,(anonymous_1)
FNDA:7,(anonymous_2)
FNDA:0,(anonymous_3)
DA:2,6
DA:5,6
DA:6,0
DA:7,0
DA:12,0
DA:14,0
DA:15,0
DA:17,0
DA:24,6
DA:25,7
DA:26,0
DA:33,0
DA:35,0
DA:36,0
DA:38,0
DA:39,0
DA:41,0
DA:42,0
DA:44,0
DA:45,0
DA:47,0
DA:48,0
DA:51,0
DA:52,0
DA:54,0
LF:25
LH:4
BRDA:14,0,0,0
BRDA:14,0,1,0
BRDA:14,1,0,0
BRDA:14,1,1,0
BRDA:34,2,0,0
BRDA:34,2,1,0
BRDA:34,2,2,0
BRDA:34,2,3,0
BRDA:34,2,4,0
BRDA:51,3,0,0
BRDA:51,3,1,0
BRDA:51,4,0,0
BRDA:51,4,1,0
BRF:13
BRH:0
end_of_record
TN:
SF:src\core\presentation\adapters\index.ts
FNF:0
FNH:0
DA:1,6
DA:2,6
LF:2
LH:2
BRF:0
BRH:0
end_of_record
TN:
SF:src\core\presentation\contracts\index.ts
FNF:0
FNH:0
DA:1,6
LF:1
LH:1
BRF:0
BRH:0
end_of_record
TN:
SF:src\core\presentation\enums\index.ts
FNF:0
FNH:0
DA:1,6
LF:1
LH:1
BRF:0
BRH:0
end_of_record
TN:
SF:src\core\presentation\enums\mvc.enum.ts
FN:1,(anonymous_0)
FNF:1
FNH:1
FNDA:6,(anonymous_0)
DA:1,6
DA:2,6
DA:3,6
DA:4,6
DA:5,6
DA:6,6
LF:6
LH:6
BRDA:1,0,0,6
BRDA:1,0,1,6
BRF:2
BRH:2
end_of_record
TN:
SF:src\core\presentation\errors\data-not-found.error.ts
FN:2,(anonymous_0)
FNF:1
FNH:1
FNDA:4,(anonymous_0)
DA:1,6
DA:3,4
DA:4,4
LF:3
LH:3
BRF:0
BRH:0
end_of_record
TN:
SF:src\core\presentation\errors\index.ts
FNF:0
FNH:0
DA:1,6
DA:2,6
DA:3,6
DA:4,6
LF:4
LH:4
BRF:0
BRH:0
end_of_record
TN:
SF:src\core\presentation\errors\invalid-param.error.ts
FN:2,(anonymous_0)
FNF:1
FNH:0
FNDA:0,(anonymous_0)
DA:1,6
DA:3,0
DA:4,0
LF:3
LH:1
BRF:0
BRH:0
end_of_record
TN:
SF:src\core\presentation\errors\missing-param.error.ts
FN:2,(anonymous_0)
FNF:1
FNH:0
FNDA:0,(anonymous_0)
DA:1,6
DA:3,0
DA:4,0
LF:3
LH:1
BRF:0
BRH:0
end_of_record
TN:
SF:src\core\presentation\errors\server.error.ts
FN:2,(anonymous_0)
FNF:1
FNH:1
FNDA:21,(anonymous_0)
DA:1,6
DA:3,21
DA:4,21
LF:3
LH:3
BRF:0
BRH:0
end_of_record
TN:
SF:src\core\presentation\helpers\http-helper.ts
FN:4,(anonymous_0)
FN:9,(anonymous_1)
FN:14,(anonymous_2)
FN:19,(anonymous_3)
FNF:4
FNH:3
FNDA:0,(anonymous_0)
FNDA:4,(anonymous_1)
FNDA:23,(anonymous_2)
FNDA:21,(anonymous_3)
DA:1,6
DA:4,6
DA:9,6
DA:14,23
DA:19,21
LF:5
LH:5
BRF:0
BRH:0
end_of_record
TN:
SF:src\core\presentation\helpers\index.ts
FNF:0
FNH:0
DA:1,6
LF:1
LH:1
BRF:0
BRH:0
end_of_record
TN:
SF:src\core\presentation\models\index.ts
FNF:0
FNH:0
DA:1,6
LF:1
LH:1
BRF:0
BRH:0
end_of_record
TN:
SF:src\core\presentation\validators\compare-fields.validator.ts
FN:7,(anonymous_2)
FN:12,(anonymous_3)
FNF:2
FNH:0
FNDA:0,(anonymous_2)
FNDA:0,(anonymous_3)
DA:1,6
DA:3,6
DA:4,0
DA:5,0
DA:8,0
DA:9,0
DA:13,0
DA:14,0
LF:8
LH:2
BRDA:13,0,0,0
BRDA:13,0,1,0
BRF:2
BRH:0
end_of_record
TN:
SF:src\core\presentation\validators\email.validator.ts
FN:8,(anonymous_3)
FN:12,(anonymous_4)
FNF:2
FNH:0
FNDA:0,(anonymous_3)
FNDA:0,(anonymous_4)
DA:1,6
DA:3,6
DA:5,6
DA:6,0
DA:9,0
DA:13,0
DA:14,0
LF:7
LH:3
BRDA:13,0,0,0
BRDA:13,0,1,0
BRF:2
BRH:0
end_of_record
TN:
SF:src\core\presentation\validators\index.ts
FNF:0
FNH:0
DA:1,6
DA:2,6
DA:3,6
LF:3
LH:3
BRF:0
BRH:0
end_of_record
TN:
SF:src\core\presentation\validators\require-fields.validator.ts
FN:6,(anonymous_2)
FN:10,(anonymous_3)
FNF:2
FNH:0
FNDA:0,(anonymous_2)
FNDA:0,(anonymous_3)
DA:1,6
DA:3,6
DA:4,0
DA:7,0
DA:11,0
DA:12,0
LF:6
LH:2
BRDA:11,0,0,0
BRDA:11,0,1,0
BRF:2
BRH:0
end_of_record
TN:
SF:src\features\login\infra\repositories\login.repository.ts
FN:8,(anonymous_0)
FN:11,(anonymous_1)
FN:20,(anonymous_2)
FN:32,(anonymous_3)
FN:42,(anonymous_4)
FN:52,(anonymous_5)
FNF:6
FNH:2
FNDA:0,(anonymous_0)
FNDA:0,(anonymous_1)
FNDA:0,(anonymous_2)
FNDA:0,(anonymous_3)
FNDA:1,(anonymous_4)
FNDA:1,(anonymous_5)
DA:3,6
DA:7,6
DA:9,0
DA:11,0
DA:12,0
DA:21,0
DA:25,0
DA:27,0
DA:33,0
DA:35,0
DA:39,0
DA:43,1
DA:45,1
DA:49,0
DA:53,1
LF:15
LH:5
BRDA:25,0,0,0
BRDA:25,0,1,0
BRF:2
BRH:0
end_of_record
TN:
SF:src\features\login\presentation\controllers\login.controller.ts
FN:18,(anonymous_2)
FN:23,(anonymous_3)
FN:29,(anonymous_4)
FN:42,(anonymous_5)
FN:57,(anonymous_6)
FN:72,(anonymous_7)
FN:85,(anonymous_8)
FNF:7
FNH:7
FNDA:14,(anonymous_2)
FNDA:2,(anonymous_3)
FNDA:1,(anonymous_4)
FNDA:2,(anonymous_5)
FNDA:1,(anonymous_6)
FNDA:3,(anonymous_7)
FNDA:4,(anonymous_8)
DA:3,6
DA:14,6
DA:15,14
DA:16,14
DA:19,14
DA:20,14
DA:24,2
DA:26,2
DA:28,1
DA:29,1
DA:32,0
DA:34,0
DA:36,0
DA:38,1
DA:43,2
DA:45,2
DA:46,2
DA:48,1
DA:49,1
DA:51,1
DA:53,1
DA:58,1
DA:60,1
DA:61,1
DA:63,0
DA:64,0
DA:65,0
DA:68,1
DA:73,3
DA:74,3
DA:76,2
DA:77,2
DA:80,1
DA:81,1
DA:86,4
DA:88,4
DA:90,4
DA:91,3
DA:92,1
DA:95,2
DA:96,2
DA:97,1
DA:100,1
DA:102,1
DA:104,1
LF:45
LH:39
BRDA:28,0,0,1
BRDA:28,0,1,0
BRDA:91,1,0,1
BRDA:91,1,1,2
BRDA:96,2,0,1
BRDA:96,2,1,1
BRF:6
BRH:5
end_of_record
TN:
SF:src\features\login\presentation\middlewares\index.ts
FNF:0
FNH:0
DA:1,6
LF:1
LH:1
BRF:0
BRH:0
end_of_record
TN:
SF:src\features\login\presentation\middlewares\login.middlewares.ts
FN:10,(anonymous_0)
FNF:1
FNH:0
FNDA:0,(anonymous_0)
DA:1,6
DA:7,6
DA:9,6
DA:11,0
DA:13,0
DA:14,0
DA:15,0
DA:16,0
DA:20,0
LF:9
LH:3
BRDA:15,0,0,0
BRDA:15,0,1,0
BRF:2
BRH:0
end_of_record
TN:
SF:src\features\login\presentation\routes\index.ts
FN:11,(anonymous_1)
FN:18,(anonymous_2)
FNF:2
FNH:2
FNDA:2,(anonymous_1)
FNDA:1,(anonymous_2)
DA:2,6
DA:3,6
DA:4,6
DA:5,6
DA:6,6
DA:7,6
DA:11,6
DA:12,2
DA:13,2
DA:14,2
DA:17,6
DA:19,1
DA:22,1
DA:27,1
DA:32,1
LF:15
LH:15
BRF:0
BRH:0
end_of_record
TN:
SF:src\features\recado\infra\repositories\recado.repository.ts
FN:7,(anonymous_0)
FN:10,(anonymous_1)
FN:20,(anonymous_2)
FN:37,(anonymous_3)
FN:49,(anonymous_4)
FN:59,(anonymous_5)
FNF:6
FNH:3
FNDA:1,(anonymous_0)
FNDA:0,(anonymous_1)
FNDA:0,(anonymous_2)
FNDA:0,(anonymous_3)
FNDA:1,(anonymous_4)
FNDA:1,(anonymous_5)
DA:1,6
DA:6,6
DA:8,1
DA:10,0
DA:11,0
DA:21,0
DA:25,0
DA:26,0
DA:29,0
DA:38,0
DA:40,0
DA:46,0
DA:50,1
DA:52,1
DA:56,0
DA:60,1
LF:16
LH:6
BRDA:25,0,0,0
BRDA:25,0,1,0
BRF:2
BRH:0
end_of_record
TN:
SF:src\features\recado\presentation\controllers\recado.controller.ts
FN:19,(anonymous_2)
FN:24,(anonymous_3)
FN:31,(anonymous_4)
FN:44,(anonymous_5)
FN:58,(anonymous_6)
FN:74,(anonymous_7)
FN:86,(anonymous_8)
FNF:7
FNH:7
FNDA:19,(anonymous_2)
FNDA:3,(anonymous_3)
FNDA:1,(anonymous_4)
FNDA:2,(anonymous_5)
FNDA:2,(anonymous_6)
FNDA:3,(anonymous_7)
FNDA:4,(anonymous_8)
DA:3,6
DA:15,6
DA:16,19
DA:17,19
DA:20,19
DA:21,19
DA:25,3
DA:27,3
DA:30,2
DA:31,1
DA:34,1
DA:36,0
DA:38,0
DA:40,2
DA:45,2
DA:47,2
DA:48,2
DA:49,1
DA:50,1
DA:52,1
DA:54,1
DA:59,2
DA:61,2
DA:62,2
DA:63,1
DA:64,1
DA:67,1
DA:70,1
DA:75,3
DA:76,3
DA:78,2
DA:80,2
DA:82,1
DA:87,4
DA:89,4
DA:91,4
DA:92,3
DA:93,1
DA:96,2
DA:97,2
DA:98,1
DA:101,1
DA:103,1
DA:105,1
LF:44
LH:42
BRDA:30,0,0,1
BRDA:30,0,1,1
BRDA:92,1,0,1
BRDA:92,1,1,2
BRDA:97,2,0,1
BRDA:97,2,1,1
BRF:6
BRH:6
end_of_record
TN:
SF:src\features\recado\presentation\routes\routes.ts
FN:7,(anonymous_1)
FN:14,(anonymous_2)
FNF:2
FNH:2
FNDA:5,(anonymous_1)
FNDA:1,(anonymous_2)
DA:1,6
DA:2,6
DA:3,6
DA:4,6
DA:5,6
DA:7,6
DA:8,5
DA:9,5
DA:10,5
DA:13,6
DA:15,1
DA:18,1
DA:19,1
DA:21,1
DA:25,1
DA:29,1
DA:33,1
LF:17
LH:17
BRF:0
BRH:0
end_of_record
